globalTracer.FtcAuto_Info: ***** Starting autonomous *****
globalTracer.FtcAuto_Info: <Info name="MatchInfo" date="Sun Dec 18 11:53:53 PST 2022" type="QUALIFICATION" number=8 />
globalTracer.FtcAuto_Info: <Info name="AutoChoices" startDelay=0 alliance="RED_ALLIANCE" startPos="LEFT" strategy="CYCLE_HIGH" parking="FAR_TILE" xTarget=4.0 yTarget=4.0 turnTarget=90 driveTime=5 drivePower=0.5 />
globalTracer.CmdAutoHigh_Info: Signal found at position 1
globalTracer.start_Info: Path=TrcPath(degrees=true, [TrcWaypoint(pose=(x=-35.6,y=-61.8,angle=0.0),vel=0.00), TrcWaypoint(pose=(x=-14.3,y=-59.4,angle=0.0),vel=0.00), TrcWaypoint(pose=(x=-14.3,y=-17.8,angle=-10.0),vel=0.00), TrcWaypoint(pose=(x=-24.9,y=-13.1,angle=-90.0),vel=0.00)])
globalTracer.TrcPurePursuitDrive.driveTask_Info: <Event name="RobotPose" time="0.070" AbsPose="(x=-35.6,y=-61.8,angle=0.0)" AbsTarget="(x=-14.3,y=-59.4,angle=0.0)" Delta="(x=21.4,y=2.4,angle=0.0)" />
globalTracer.traceStateInfo_Info: <Event name="StateInfo" time="0.074" tag=">>>>>" CmdAutoHigh.state="DRIVE_TO_SCORE_POSITION" RobotPose=(x=-35.6,y=-61.8,angle=0.0) TargetPose=(x=-24.9,y=-13.1,angle=-90.0) vel=(x=0.0,y=0.0,angle=0.0) Path=TrcPath(degrees=true, [TrcWaypoint(pose=(x=0.0,y=0.0,angle=0.0),vel=0.00), TrcWaypoint(pose=(x=21.4,y=2.4,angle=0.0),vel=0.00), TrcWaypoint(pose=(x=21.4,y=44.0,angle=-10.0),vel=0.00), TrcWaypoint(pose=(x=10.7,y=48.8,angle=-90.0),vel=0.00)]) />
globalTracer.TrcPurePursuitDrive.driveTask_Info: <Event name="RobotPose" time="0.105" AbsPose="(x=-35.6,y=-61.8,angle=0.0)" AbsTarget="(x=-14.3,y=-59.4,angle=0.0)" Delta="(x=21.4,y=2.4,angle=0.0)" />
globalTracer.TrcPurePursuitDrive.driveTask_Info: <Event name="RobotPose" time="0.125" AbsPose="(x=-35.6,y=-61.8,angle=0.0)" AbsTarget="(x=-14.3,y=-59.4,angle=0.0)" Delta="(x=21.4,y=2.4,angle=0.0)" />
globalTracer.TrcPurePursuitDrive.driveTask_Info: <Event name="RobotPose" time="0.161" AbsPose="(x=-35.6,y=-61.8,angle=0.0)" AbsTarget="(x=-14.3,y=-59.4,angle=0.0)" Delta="(x=21.4,y=2.4,angle=0.0)" />
globalTracer.TrcPurePursuitDrive.driveTask_Info: <Event name="RobotPose" time="0.196" AbsPose="(x=-35.3,y=-61.7,angle=0.6)" AbsTarget="(x=-14.3,y=-59.4,angle=0.0)" Delta="(x=21.4,y=2.4,angle=0.0)" />
globalTracer.TrcPurePursuitDrive.driveTask_Info: <Event name="RobotPose" time="0.218" AbsPose="(x=-35.3,y=-61.7,angle=0.6)" AbsTarget="(x=-14.3,y=-59.4,angle=0.0)" Delta="(x=21.0,y=2.5,angle=-0.6)" />
globalTracer.TrcPurePursuitDrive.driveTask_Info: <Event name="RobotPose" time="0.238" AbsPose="(x=-35.3,y=-61.7,angle=0.6)" AbsTarget="(x=-14.3,y=-59.4,angle=0.0)" Delta="(x=21.0,y=2.5,angle=-0.6)" />
globalTracer.TrcPurePursuitDrive.driveTask_Info: <Event name="RobotPose" time="0.266" AbsPose="(x=-34.8,y=-61.4,angle=1.3)" AbsTarget="(x=-14.3,y=-59.4,angle=0.0)" Delta="(x=20.5,y=2.5,angle=-1.3)" />
globalTracer.TrcPurePursuitDrive.driveTask_Info: <Event name="RobotPose" time="0.296" AbsPose="(x=-33.9,y=-61.2,angle=1.8)" AbsTarget="(x=-14.3,y=-59.4,angle=0.0)" Delta="(x=20.5,y=2.5,angle=-1.3)" />
globalTracer.TrcPurePursuitDrive.driveTask_Info: <Event name="RobotPose" time="0.322" AbsPose="(x=-33.9,y=-61.2,angle=1.8)" AbsTarget="(x=-14.3,y=-59.4,angle=0.0)" Delta="(x=19.6,y=2.4,angle=-1.8)" />
globalTracer.TrcPurePursuitDrive.driveTask_Info: <Event name="RobotPose" time="0.355" AbsPose="(x=-32.9,y=-61.2,angle=2.6)" AbsTarget="(x=-14.3,y=-59.4,angle=0.0)" Delta="(x=19.6,y=2.4,angle=-1.8)" />
globalTracer.TrcPurePursuitDrive.driveTask_Info: <Event name="RobotPose" time="0.388" AbsPose="(x=-32.9,y=-61.2,angle=2.6)" AbsTarget="(x=-14.3,y=-59.4,angle=0.0)" Delta="(x=18.6,y=2.6,angle=-2.6)" />
globalTracer.TrcPurePursuitDrive.driveTask_Info: <Event name="RobotPose" time="0.464" AbsPose="(x=-30.3,y=-61.0,angle=3.4)" AbsTarget="(x=-14.3,y=-59.4,angle=0.0)" Delta="(x=17.8,y=2.8,angle=-3.4)" />
globalTracer.TrcPurePursuitDrive.driveTask_Info: <Event name="RobotPose" time="0.507" AbsPose="(x=-30.3,y=-61.0,angle=3.4)" AbsTarget="(x=-14.3,y=-59.4,angle=0.0)" Delta="(x=16.0,y=2.6,angle=-3.4)" />
globalTracer.TrcPurePursuitDrive.driveTask_Info: <Event name="RobotPose" time="0.570" AbsPose="(x=-28.5,y=-60.7,angle=3.0)" AbsTarget="(x=-14.3,y=-59.4,angle=0.0)" Delta="(x=15.2,y=2.4,angle=-3.5)" />
globalTracer.TrcPurePursuitDrive.driveTask_Info: <Event name="RobotPose" time="0.600" AbsPose="(x=-28.5,y=-60.7,angle=3.0)" AbsTarget="(x=-14.3,y=-59.4,angle=0.0)" Delta="(x=14.1,y=2.1,angle=-3.0)" />
globalTracer.TrcPurePursuitDrive.driveTask_Info: <Event name="RobotPose" time="0.646" AbsPose="(x=-26.4,y=-60.6,angle=2.3)" AbsTarget="(x=-14.3,y=-59.4,angle=0.0)" Delta="(x=12.1,y=1.7,angle=-2.3)" />
globalTracer.TrcPurePursuitDrive.driveTask_Info: <Event name="RobotPose" time="0.687" AbsPose="(x=-25.7,y=-60.3,angle=1.1)" AbsTarget="(x=-14.3,y=-59.4,angle=0.0)" Delta="(x=12.1,y=1.7,angle=-2.3)" />
globalTracer.TrcPurePursuitDrive.driveTask_Info: <Event name="RobotPose" time="0.750" AbsPose="(x=-24.1,y=-60.1,angle=-0.1)" AbsTarget="(x=-14.3,y=-59.4,angle=0.0)" Delta="(x=11.4,y=1.2,angle=-1.1)" />
globalTracer.TrcPurePursuitDrive.driveTask_Info: <Event name="RobotPose" time="0.796" AbsPose="(x=-21.3,y=-59.8,angle=-0.9)" AbsTarget="(x=-14.3,y=-59.4,angle=0.0)" Delta="(x=9.9,y=0.7,angle=0.1)" />
globalTracer.TrcPurePursuitDrive.driveTask_Info: <Event name="RobotPose" time="0.831" AbsPose="(x=-21.3,y=-59.8,angle=-0.9)" AbsTarget="(x=-14.3,y=-59.4,angle=0.0)" Delta="(x=7.1,y=0.3,angle=0.9)" />
globalTracer.TrcPurePursuitDrive.driveTask_Info: <Event name="RobotPose" time="0.869" AbsPose="(x=-19.0,y=-59.7,angle=-1.8)" AbsTarget="(x=-14.3,y=-59.4,angle=0.0)" Delta="(x=7.1,y=0.3,angle=0.9)" />
globalTracer.getFollowingPoint_Info: Segment[1:TrcWaypoint(pose=(x=21.4,y=2.4,angle=0.0),vel=0.00)->2:TrcWaypoint(pose=(x=21.4,y=44.0,angle=-10.0),vel=0.00)] PrevIndex=1, Target=TrcWaypoint(simple=false,timestep=0.000,pose=(x=21.4,y=44.0,angle=-10.0),vel=0.00,encPos=0.0,accel=0.00,jerk=0.00)
globalTracer.TrcPurePursuitDrive.driveTask_Info: <Event name="RobotPose" time="0.905" AbsPose="(x=-17.9,y=-59.5,angle=-2.7)" AbsTarget="(x=-14.3,y=-17.8,angle=-10.0)" Delta="(x=6.0,y=41.7,angle=-8.3)" />
globalTracer.TrcPurePursuitDrive.driveTask_Info: <Event name="RobotPose" time="0.920" AbsPose="(x=-17.9,y=-59.5,angle=-2.7)" AbsTarget="(x=-14.3,y=-17.8,angle=-10.0)" Delta="(x=5.6,y=41.5,angle=-7.3)" />
globalTracer.TrcPurePursuitDrive.driveTask_Info: <Event name="RobotPose" time="0.950" AbsPose="(x=-15.8,y=-59.3,angle=-3.2)" AbsTarget="(x=-14.3,y=-17.8,angle=-10.0)" Delta="(x=5.6,y=41.5,angle=-7.3)" />
globalTracer.TrcPurePursuitDrive.driveTask_Info: <Event name="RobotPose" time="0.972" AbsPose="(x=-15.8,y=-59.3,angle=-3.2)" AbsTarget="(x=-14.3,y=-17.8,angle=-10.0)" Delta="(x=3.9,y=41.4,angle=-6.8)" />
globalTracer.TrcPurePursuitDrive.driveTask_Info: <Event name="RobotPose" time="0.987" AbsPose="(x=-15.8,y=-59.3,angle=-3.2)" AbsTarget="(x=-14.3,y=-17.8,angle=-10.0)" Delta="(x=3.9,y=41.4,angle=-6.8)" />
globalTracer.TrcPurePursuitDrive.driveTask_Info: <Event name="RobotPose" time="1.027" AbsPose="(x=-15.8,y=-59.1,angle=-3.5)" AbsTarget="(x=-14.3,y=-17.8,angle=-10.0)" Delta="(x=4.1,y=41.1,angle=-6.5)" />
globalTracer.TrcPurePursuitDrive.driveTask_Info: <Event name="RobotPose" time="1.052" AbsPose="(x=-13.9,y=-58.5,angle=-5.5)" AbsTarget="(x=-14.3,y=-17.8,angle=-10.0)" Delta="(x=4.1,y=41.1,angle=-6.5)" />
globalTracer.TrcPurePursuitDrive.driveTask_Info: <Event name="RobotPose" time="1.109" AbsPose="(x=-13.5,y=-58.0,angle=-9.4)" AbsTarget="(x=-14.3,y=-17.8,angle=-10.0)" Delta="(x=3.5,y=40.6,angle=-4.5)" />
globalTracer.TrcPurePursuitDrive.driveTask_Info: <Event name="RobotPose" time="1.125" AbsPose="(x=-13.5,y=-58.0,angle=-9.4)" AbsTarget="(x=-14.3,y=-17.8,angle=-10.0)" Delta="(x=5.8,y=39.8,angle=-0.6)" />
globalTracer.TrcPurePursuitDrive.driveTask_Info: <Event name="RobotPose" time="1.153" AbsPose="(x=-13.5,y=-58.0,angle=-9.4)" AbsTarget="(x=-14.3,y=-17.8,angle=-10.0)" Delta="(x=5.8,y=39.8,angle=-0.6)" />
globalTracer.TrcPurePursuitDrive.driveTask_Info: <Event name="RobotPose" time="1.196" AbsPose="(x=-12.5,y=-57.1,angle=-13.8)" AbsTarget="(x=-14.3,y=-17.8,angle=-10.0)" Delta="(x=7.7,y=38.5,angle=3.8)" />
globalTracer.TrcPurePursuitDrive.driveTask_Info: <Event name="RobotPose" time="1.220" AbsPose="(x=-11.8,y=-56.6,angle=-18.3)" AbsTarget="(x=-14.3,y=-17.8,angle=-10.0)" Delta="(x=7.7,y=38.5,angle=3.8)" />
globalTracer.TrcPurePursuitDrive.driveTask_Info: <Event name="RobotPose" time="1.271" AbsPose="(x=-12.3,y=-55.1,angle=-23.3)" AbsTarget="(x=-14.3,y=-17.8,angle=-10.0)" Delta="(x=9.8,y=37.6,angle=8.3)" />
globalTracer.TrcPurePursuitDrive.driveTask_Info: <Event name="RobotPose" time="1.297" AbsPose="(x=-12.3,y=-55.1,angle=-23.3)" AbsTarget="(x=-14.3,y=-17.8,angle=-10.0)" Delta="(x=12.9,y=35.1,angle=13.3)" />
globalTracer.TrcPurePursuitDrive.driveTask_Info: <Event name="RobotPose" time="1.325" AbsPose="(x=-12.1,y=-53.4,angle=-25.6)" AbsTarget="(x=-14.3,y=-17.8,angle=-10.0)" Delta="(x=12.9,y=35.1,angle=13.3)" />
globalTracer.TrcPurePursuitDrive.driveTask_Info: <Event name="RobotPose" time="1.349" AbsPose="(x=-12.1,y=-53.4,angle=-25.6)" AbsTarget="(x=-14.3,y=-17.8,angle=-10.0)" Delta="(x=13.5,y=33.0,angle=15.6)" />
globalTracer.TrcPurePursuitDrive.driveTask_Info: <Event name="RobotPose" time="1.372" AbsPose="(x=-12.1,y=-52.1,angle=-25.6)" AbsTarget="(x=-14.3,y=-17.8,angle=-10.0)" Delta="(x=13.5,y=33.0,angle=15.6)" />
globalTracer.TrcPurePursuitDrive.driveTask_Info: <Event name="RobotPose" time="1.401" AbsPose="(x=-12.1,y=-52.1,angle=-25.6)" AbsTarget="(x=-14.3,y=-17.8,angle=-10.0)" Delta="(x=12.9,y=31.9,angle=15.6)" />
globalTracer.TrcPurePursuitDrive.driveTask_Info: <Event name="RobotPose" time="1.441" AbsPose="(x=-11.7,y=-51.1,angle=-24.8)" AbsTarget="(x=-14.3,y=-17.8,angle=-10.0)" Delta="(x=12.9,y=31.9,angle=15.6)" />
globalTracer.TrcPurePursuitDrive.driveTask_Info: <Event name="RobotPose" time="1.464" AbsPose="(x=-11.7,y=-51.1,angle=-24.8)" AbsTarget="(x=-14.3,y=-17.8,angle=-10.0)" Delta="(x=11.6,y=31.3,angle=14.8)" />
globalTracer.TrcPurePursuitDrive.driveTask_Info: <Event name="RobotPose" time="1.493" AbsPose="(x=-11.4,y=-49.4,angle=-22.7)" AbsTarget="(x=-14.3,y=-17.8,angle=-10.0)" Delta="(x=11.6,y=31.3,angle=14.8)" />
globalTracer.TrcPurePursuitDrive.driveTask_Info: <Event name="RobotPose" time="1.518" AbsPose="(x=-11.4,y=-49.4,angle=-22.7)" AbsTarget="(x=-14.3,y=-17.8,angle=-10.0)" Delta="(x=9.6,y=30.3,angle=12.7)" />
globalTracer.TrcPurePursuitDrive.driveTask_Info: <Event name="RobotPose" time="1.551" AbsPose="(x=-11.7,y=-47.1,angle=-21.1)" AbsTarget="(x=-14.3,y=-17.8,angle=-10.0)" Delta="(x=9.6,y=30.3,angle=12.7)" />
globalTracer.TrcPurePursuitDrive.driveTask_Info: <Event name="RobotPose" time="1.575" AbsPose="(x=-11.7,y=-47.1,angle=-21.1)" AbsTarget="(x=-14.3,y=-17.8,angle=-10.0)" Delta="(x=8.1,y=28.2,angle=11.1)" />
globalTracer.TrcPurePursuitDrive.driveTask_Info: <Event name="RobotPose" time="1.613" AbsPose="(x=-11.6,y=-45.1,angle=-18.9)" AbsTarget="(x=-14.3,y=-17.8,angle=-10.0)" Delta="(x=8.1,y=28.2,angle=11.1)" />
globalTracer.TrcPurePursuitDrive.driveTask_Info: <Event name="RobotPose" time="1.629" AbsPose="(x=-11.6,y=-45.1,angle=-18.9)" AbsTarget="(x=-14.3,y=-17.8,angle=-10.0)" Delta="(x=6.3,y=26.7,angle=8.9)" />
globalTracer.TrcPurePursuitDrive.driveTask_Info: <Event name="RobotPose" time="1.648" AbsPose="(x=-11.6,y=-45.1,angle=-18.9)" AbsTarget="(x=-14.3,y=-17.8,angle=-10.0)" Delta="(x=6.3,y=26.7,angle=8.9)" />
globalTracer.TrcPurePursuitDrive.driveTask_Info: <Event name="RobotPose" time="1.679" AbsPose="(x=-11.4,y=-44.0,angle=-16.5)" AbsTarget="(x=-14.3,y=-17.8,angle=-10.0)" Delta="(x=4.7,y=26.0,angle=6.5)" />
globalTracer.TrcPurePursuitDrive.driveTask_Info: <Event name="RobotPose" time="1.700" AbsPose="(x=-11.4,y=-44.0,angle=-16.5)" AbsTarget="(x=-14.3,y=-17.8,angle=-10.0)" Delta="(x=4.7,y=26.0,angle=6.5)" />
globalTracer.TrcPurePursuitDrive.driveTask_Info: <Event name="RobotPose" time="1.716" AbsPose="(x=-11.7,y=-42.5,angle=-13.9)" AbsTarget="(x=-14.3,y=-17.8,angle=-10.0)" Delta="(x=4.7,y=26.0,angle=6.5)" />
globalTracer.TrcPurePursuitDrive.driveTask_Info: <Event name="RobotPose" time="1.759" AbsPose="(x=-11.7,y=-40.9,angle=-9.0)" AbsTarget="(x=-14.3,y=-17.8,angle=-10.0)" Delta="(x=3.4,y=24.6,angle=3.9)" />
globalTracer.TrcPurePursuitDrive.driveTask_Info: <Event name="RobotPose" time="1.804" AbsPose="(x=-11.7,y=-40.9,angle=-9.0)" AbsTarget="(x=-14.3,y=-17.8,angle=-10.0)" Delta="(x=1.1,y=23.2,angle=-1.0)" />
globalTracer.TrcPurePursuitDrive.driveTask_Info: <Event name="RobotPose" time="1.849" AbsPose="(x=-11.7,y=-39.2,angle=-5.9)" AbsTarget="(x=-14.3,y=-17.8,angle=-10.0)" Delta="(x=1.1,y=23.2,angle=-1.0)" />
globalTracer.TrcPurePursuitDrive.driveTask_Info: <Event name="RobotPose" time="1.885" AbsPose="(x=-11.5,y=-37.0,angle=-2.1)" AbsTarget="(x=-14.3,y=-17.8,angle=-10.0)" Delta="(x=-0.4,y=21.6,angle=-4.1)" />
globalTracer.TrcPurePursuitDrive.driveTask_Info: <Event name="RobotPose" time="1.915" AbsPose="(x=-11.5,y=-37.0,angle=-2.1)" AbsTarget="(x=-14.3,y=-17.8,angle=-10.0)" Delta="(x=-2.1,y=19.2,angle=-7.9)" />
globalTracer.TrcPurePursuitDrive.driveTask_Info: <Event name="RobotPose" time="1.942" AbsPose="(x=-11.4,y=-35.9,angle=-0.6)" AbsTarget="(x=-14.3,y=-17.8,angle=-10.0)" Delta="(x=-2.1,y=19.2,angle=-7.9)" />
globalTracer.TrcPurePursuitDrive.driveTask_Info: <Event name="RobotPose" time="1.976" AbsPose="(x=-11.4,y=-34.3,angle=0.6)" AbsTarget="(x=-14.3,y=-17.8,angle=-10.0)" Delta="(x=-2.7,y=18.1,angle=-9.4)" />
globalTracer.TrcPurePursuitDrive.driveTask_Info: <Event name="RobotPose" time="1.994" AbsPose="(x=-11.4,y=-34.3,angle=0.6)" AbsTarget="(x=-14.3,y=-17.8,angle=-10.0)" Delta="(x=-3.1,y=16.5,angle=-10.6)" />
globalTracer.TrcPurePursuitDrive.driveTask_Info: <Event name="RobotPose" time="2.019" AbsPose="(x=-11.4,y=-34.3,angle=0.6)" AbsTarget="(x=-14.3,y=-17.8,angle=-10.0)" Delta="(x=-3.1,y=16.5,angle=-10.6)" />
globalTracer.TrcPurePursuitDrive.driveTask_Info: <Event name="RobotPose" time="2.042" AbsPose="(x=-11.4,y=-31.5,angle=1.4)" AbsTarget="(x=-14.3,y=-17.8,angle=-10.0)" Delta="(x=-3.1,y=16.5,angle=-10.6)" />
globalTracer.TrcPurePursuitDrive.driveTask_Info: <Event name="RobotPose" time="2.072" AbsPose="(x=-11.4,y=-29.6,angle=1.6)" AbsTarget="(x=-14.3,y=-17.8,angle=-10.0)" Delta="(x=-3.2,y=13.6,angle=-11.4)" />
globalTracer.TrcPurePursuitDrive.driveTask_Info: <Event name="RobotPose" time="2.101" AbsPose="(x=-11.4,y=-29.6,angle=1.6)" AbsTarget="(x=-14.3,y=-17.8,angle=-10.0)" Delta="(x=-3.1,y=11.7,angle=-11.6)" />
globalTracer.TrcPurePursuitDrive.driveTask_Info: <Event name="RobotPose" time="2.137" AbsPose="(x=-11.5,y=-27.8,angle=1.2)" AbsTarget="(x=-14.3,y=-17.8,angle=-10.0)" Delta="(x=-3.1,y=11.7,angle=-11.6)" />
globalTracer.TrcPurePursuitDrive.driveTask_Info: <Event name="RobotPose" time="2.170" AbsPose="(x=-11.7,y=-26.4,angle=0.3)" AbsTarget="(x=-14.3,y=-17.8,angle=-10.0)" Delta="(x=-2.9,y=9.9,angle=-11.2)" />
globalTracer.TrcPurePursuitDrive.driveTask_Info: <Event name="RobotPose" time="2.195" AbsPose="(x=-11.7,y=-26.4,angle=0.3)" AbsTarget="(x=-14.3,y=-17.8,angle=-10.0)" Delta="(x=-2.6,y=8.6,angle=-10.3)" />
globalTracer.TrcPurePursuitDrive.driveTask_Info: <Event name="RobotPose" time="2.223" AbsPose="(x=-11.9,y=-24.8,angle=-0.6)" AbsTarget="(x=-14.3,y=-17.8,angle=-10.0)" Delta="(x=-2.6,y=8.6,angle=-10.3)" />
globalTracer.TrcPurePursuitDrive.driveTask_Info: <Event name="RobotPose" time="2.294" AbsPose="(x=-12.0,y=-23.6,angle=-2.2)" AbsTarget="(x=-14.3,y=-17.8,angle=-10.0)" Delta="(x=-2.3,y=7.0,angle=-9.4)" />
globalTracer.TrcPurePursuitDrive.driveTask_Info: <Event name="RobotPose" time="2.326" AbsPose="(x=-12.4,y=-21.8,angle=-5.1)" AbsTarget="(x=-14.3,y=-17.8,angle=-10.0)" Delta="(x=-2.0,y=5.8,angle=-7.8)" />
globalTracer.getFollowingPoint_Info: Segment[2:TrcWaypoint(pose=(x=21.4,y=44.0,angle=-10.0),vel=0.00)->3:TrcWaypoint(pose=(x=10.7,y=48.8,angle=-90.0),vel=0.00)] PrevIndex=2, Target=TrcWaypoint(simple=false,timestep=0.000,pose=(x=10.7,y=48.8,angle=-90.0),vel=0.00,encPos=0.0,accel=0.00,jerk=0.00)
globalTracer.TrcPurePursuitDrive.driveTask_Info: <Event name="RobotPose" time="2.381" AbsPose="(x=-12.8,y=-19.8,angle=-7.8)" AbsTarget="(x=-24.9,y=-13.1,angle=-90.0)" Delta="(x=-11.7,y=9.8,angle=-84.9)" />
globalTracer.TrcPurePursuitDrive.driveTask_Info: <Event name="RobotPose" time="2.405" AbsPose="(x=-12.8,y=-19.8,angle=-7.8)" AbsTarget="(x=-24.9,y=-13.1,angle=-90.0)" Delta="(x=-11.1,y=8.3,angle=-82.3)" />
globalTracer.TrcPurePursuitDrive.driveTask_Info: <Event name="RobotPose" time="2.430" AbsPose="(x=-13.1,y=-18.7,angle=-10.6)" AbsTarget="(x=-24.9,y=-13.1,angle=-90.0)" Delta="(x=-11.1,y=8.3,angle=-82.3)" />
globalTracer.TrcPurePursuitDrive.driveTask_Info: <Event name="RobotPose" time="2.446" AbsPose="(x=-13.1,y=-18.7,angle=-10.6)" AbsTarget="(x=-24.9,y=-13.1,angle=-90.0)" Delta="(x=-10.5,y=7.7,angle=-79.4)" />
globalTracer.TrcPurePursuitDrive.driveTask_Info: <Event name="RobotPose" time="2.470" AbsPose="(x=-13.5,y=-17.9,angle=-15.0)" AbsTarget="(x=-24.9,y=-13.1,angle=-90.0)" Delta="(x=-9.8,y=7.6,angle=-75.0)" />
globalTracer.TrcPurePursuitDrive.driveTask_Info: <Event name="RobotPose" time="2.501" AbsPose="(x=-14.0,y=-17.1,angle=-17.8)" AbsTarget="(x=-24.9,y=-13.1,angle=-90.0)" Delta="(x=-9.8,y=7.6,angle=-75.0)" />
globalTracer.TrcPurePursuitDrive.driveTask_Info: <Event name="RobotPose" time="2.516" AbsPose="(x=-14.0,y=-17.1,angle=-17.8)" AbsTarget="(x=-24.9,y=-13.1,angle=-90.0)" Delta="(x=-9.2,y=7.2,angle=-72.2)" />
globalTracer.TrcPurePursuitDrive.driveTask_Info: <Event name="RobotPose" time="2.541" AbsPose="(x=-14.5,y=-16.2,angle=-22.3)" AbsTarget="(x=-24.9,y=-13.1,angle=-90.0)" Delta="(x=-9.2,y=7.2,angle=-72.2)" />
globalTracer.TrcPurePursuitDrive.driveTask_Info: <Event name="RobotPose" time="2.569" AbsPose="(x=-14.5,y=-16.2,angle=-22.3)" AbsTarget="(x=-24.9,y=-13.1,angle=-90.0)" Delta="(x=-8.5,y=6.8,angle=-67.8)" />
globalTracer.TrcPurePursuitDrive.driveTask_Info: <Event name="RobotPose" time="2.586" AbsPose="(x=-15.1,y=-15.6,angle=-28.1)" AbsTarget="(x=-24.9,y=-13.1,angle=-90.0)" Delta="(x=-8.5,y=6.8,angle=-67.8)" />
globalTracer.TrcPurePursuitDrive.driveTask_Info: <Event name="RobotPose" time="2.609" AbsPose="(x=-15.1,y=-15.6,angle=-28.1)" AbsTarget="(x=-24.9,y=-13.1,angle=-90.0)" Delta="(x=-7.5,y=6.9,angle=-61.9)" />
globalTracer.TrcPurePursuitDrive.driveTask_Info: <Event name="RobotPose" time="2.628" AbsPose="(x=-15.1,y=-15.6,angle=-28.1)" AbsTarget="(x=-24.9,y=-13.1,angle=-90.0)" Delta="(x=-7.5,y=6.9,angle=-61.9)" />
globalTracer.TrcPurePursuitDrive.driveTask_Info: <Event name="RobotPose" time="2.673" AbsPose="(x=-15.9,y=-14.7,angle=-32.9)" AbsTarget="(x=-24.9,y=-13.1,angle=-90.0)" Delta="(x=-7.5,y=6.9,angle=-61.9)" />
globalTracer.TrcPurePursuitDrive.driveTask_Info: <Event name="RobotPose" time="2.691" AbsPose="(x=-16.5,y=-14.4,angle=-38.9)" AbsTarget="(x=-24.9,y=-13.1,angle=-90.0)" Delta="(x=-6.7,y=6.2,angle=-57.1)" />
globalTracer.TrcPurePursuitDrive.driveTask_Info: <Event name="RobotPose" time="2.710" AbsPose="(x=-16.5,y=-14.4,angle=-38.9)" AbsTarget="(x=-24.9,y=-13.1,angle=-90.0)" Delta="(x=-5.7,y=6.3,angle=-51.1)" />
globalTracer.TrcPurePursuitDrive.driveTask_Info: <Event name="RobotPose" time="2.749" AbsPose="(x=-17.4,y=-13.9,angle=-45.1)" AbsTarget="(x=-24.9,y=-13.1,angle=-90.0)" Delta="(x=-5.7,y=6.3,angle=-51.1)" />
globalTracer.TrcPurePursuitDrive.driveTask_Info: <Event name="RobotPose" time="2.793" AbsPose="(x=-18.2,y=-13.5,angle=-50.4)" AbsTarget="(x=-24.9,y=-13.1,angle=-90.0)" Delta="(x=-4.7,y=6.0,angle=-44.9)" />
globalTracer.TrcPurePursuitDrive.driveTask_Info: <Event name="RobotPose" time="2.846" AbsPose="(x=-19.1,y=-13.4,angle=-59.1)" AbsTarget="(x=-24.9,y=-13.1,angle=-90.0)" Delta="(x=-4.0,y=5.5,angle=-39.6)" />
globalTracer.TrcPurePursuitDrive.driveTask_Info: <Event name="RobotPose" time="2.867" AbsPose="(x=-19.1,y=-13.4,angle=-59.1)" AbsTarget="(x=-24.9,y=-13.1,angle=-90.0)" Delta="(x=-2.8,y=5.2,angle=-30.9)" />
globalTracer.TrcPurePursuitDrive.driveTask_Info: <Event name="RobotPose" time="2.916" AbsPose="(x=-19.3,y=-13.7,angle=-66.0)" AbsTarget="(x=-24.9,y=-13.1,angle=-90.0)" Delta="(x=-2.8,y=5.2,angle=-30.9)" />
globalTracer.TrcPurePursuitDrive.driveTask_Info: <Event name="RobotPose" time="2.941" AbsPose="(x=-20.8,y=-13.8,angle=-72.6)" AbsTarget="(x=-24.9,y=-13.1,angle=-90.0)" Delta="(x=-1.7,y=5.5,angle=-24.0)" />
globalTracer.TrcPurePursuitDrive.driveTask_Info: <Event name="RobotPose" time="2.968" AbsPose="(x=-20.8,y=-13.8,angle=-72.6)" AbsTarget="(x=-24.9,y=-13.1,angle=-90.0)" Delta="(x=-0.6,y=4.2,angle=-17.4)" />
globalTracer.TrcPurePursuitDrive.driveTask_Info: <Event name="RobotPose" time="3.006" AbsPose="(x=-21.5,y=-13.7,angle=-80.2)" AbsTarget="(x=-24.9,y=-13.1,angle=-90.0)" Delta="(x=-0.6,y=4.2,angle=-17.4)" />
globalTracer.TrcPurePursuitDrive.driveTask_Info: <Event name="RobotPose" time="3.037" AbsPose="(x=-22.1,y=-13.9,angle=-84.8)" AbsTarget="(x=-24.9,y=-13.1,angle=-90.0)" Delta="(x=0.1,y=3.5,angle=-9.8)" />
globalTracer.TrcPurePursuitDrive.driveTask_Info: <Event name="RobotPose" time="3.080" AbsPose="(x=-22.1,y=-13.9,angle=-84.8)" AbsTarget="(x=-24.9,y=-13.1,angle=-90.0)" Delta="(x=0.6,y=2.9,angle=-5.3)" />
globalTracer.TrcPurePursuitDrive.driveTask_Info: <Event name="RobotPose" time="3.103" AbsPose="(x=-23.0,y=-14.2,angle=-88.5)" AbsTarget="(x=-24.9,y=-13.1,angle=-90.0)" Delta="(x=0.6,y=2.9,angle=-5.3)" />
globalTracer.TrcPurePursuitDrive.driveTask_Info: <Event name="RobotPose" time="3.133" AbsPose="(x=-23.3,y=-14.2,angle=-89.0)" AbsTarget="(x=-24.9,y=-13.1,angle=-90.0)" Delta="(x=1.1,y=2.0,angle=-1.5)" />
globalTracer.TrcPurePursuitDrive.driveTask_Info: <Event name="RobotPose" time="3.183" AbsPose="(x=-23.8,y=-14.3,angle=-89.3)" AbsTarget="(x=-24.9,y=-13.1,angle=-90.0)" Delta="(x=1.2,y=1.7,angle=-1.0)" />
globalTracer.TrcPurePursuitDrive.driveTask_Info: <Event name="RobotPose" time="3.202" AbsPose="(x=-23.8,y=-14.3,angle=-89.3)" AbsTarget="(x=-24.9,y=-13.1,angle=-90.0)" Delta="(x=1.2,y=1.1,angle=-0.7)" />
globalTracer.TrcPurePursuitDrive.driveTask_Info: <Event name="RobotPose" time="3.246" AbsPose="(x=-24.4,y=-14.1,angle=-88.3)" AbsTarget="(x=-24.9,y=-13.1,angle=-90.0)" Delta="(x=1.2,y=1.1,angle=-0.7)" />
globalTracer.TrcPurePursuitDrive.driveTask_Info: <Event name="RobotPose" time="3.305" AbsPose="(x=-24.4,y=-14.0,angle=-88.3)" AbsTarget="(x=-24.9,y=-13.1,angle=-90.0)" Delta="(x=1.0,y=0.5,angle=-1.8)" />
globalTracer.TrcPurePursuitDrive.driveTask_Info: <Event name="RobotPose" time="3.378" AbsPose="(x=-24.8,y=-13.6,angle=-88.1)" AbsTarget="(x=-24.9,y=-13.1,angle=-90.0)" Delta="(x=0.9,y=0.5,angle=-1.7)" />
globalTracer.TrcPurePursuitDrive.driveTask_Info: <Event name="RobotPose" time="3.427" AbsPose="(x=-25.0,y=-13.9,angle=-90.9)" AbsTarget="(x=-24.9,y=-13.1,angle=-90.0)" Delta="(x=0.6,y=0.1,angle=-1.9)" />
globalTracer.TrcPurePursuitDrive.driveTask_Info: <Event name="RobotPose" time="3.460" AbsPose="(x=-24.9,y=-13.5,angle=-94.5)" AbsTarget="(x=-24.9,y=-13.1,angle=-90.0)" Delta="(x=0.8,y=-0.0,angle=0.9)" />
globalTracer.TrcPurePursuitDrive.driveTask_Info: <Event name="RobotPose" time="3.487" AbsPose="(x=-24.9,y=-13.5,angle=-94.5)" AbsTarget="(x=-24.9,y=-13.1,angle=-90.0)" Delta="(x=0.5,y=-0.0,angle=4.5)" />
globalTracer.TrcPurePursuitDrive.driveTask_Info: <Event name="RobotPose" time="3.525" AbsPose="(x=-24.9,y=-13.3,angle=-97.7)" AbsTarget="(x=-24.9,y=-13.1,angle=-90.0)" Delta="(x=0.5,y=-0.0,angle=4.5)" />
globalTracer.TrcPurePursuitDrive.driveTask_Info: <Event name="RobotPose" time="3.569" AbsPose="(x=-24.9,y=-13.4,angle=-100.6)" AbsTarget="(x=-24.9,y=-13.1,angle=-90.0)" Delta="(x=0.3,y=-0.0,angle=7.7)" />
globalTracer.TrcPurePursuitDrive.driveTask_Info: <Event name="RobotPose" time="3.622" AbsPose="(x=-24.9,y=-13.4,angle=-101.8)" AbsTarget="(x=-24.9,y=-13.1,angle=-90.0)" Delta="(x=0.3,y=-0.0,angle=10.6)" />
globalTracer.TrcPurePursuitDrive.driveTask_Info: <Event name="RobotPose" time="3.659" AbsPose="(x=-24.9,y=-13.4,angle=-101.8)" AbsTarget="(x=-24.9,y=-13.1,angle=-90.0)" Delta="(x=0.4,y=-0.0,angle=11.8)" />
globalTracer.TrcPurePursuitDrive.driveTask_Info: <Event name="RobotPose" time="3.695" AbsPose="(x=-24.9,y=-13.6,angle=-101.6)" AbsTarget="(x=-24.9,y=-13.1,angle=-90.0)" Delta="(x=0.4,y=-0.0,angle=11.8)" />
globalTracer.TrcPurePursuitDrive.driveTask_Info: <Event name="RobotPose" time="3.738" AbsPose="(x=-24.9,y=-13.6,angle=-101.6)" AbsTarget="(x=-24.9,y=-13.1,angle=-90.0)" Delta="(x=0.5,y=-0.1,angle=11.6)" />
globalTracer.TrcPurePursuitDrive.driveTask_Info: <Event name="RobotPose" time="3.776" AbsPose="(x=-25.0,y=-13.5,angle=-99.4)" AbsTarget="(x=-24.9,y=-13.1,angle=-90.0)" Delta="(x=0.5,y=-0.1,angle=11.6)" />
globalTracer.TrcPurePursuitDrive.driveTask_Info: <Event name="RobotPose" time="3.837" AbsPose="(x=-25.0,y=-13.4,angle=-96.4)" AbsTarget="(x=-24.9,y=-13.1,angle=-90.0)" Delta="(x=0.4,y=-0.1,angle=9.4)" />
globalTracer.TrcPurePursuitDrive.driveTask_Info: <Event name="RobotPose" time="3.871" AbsPose="(x=-25.0,y=-13.3,angle=-94.3)" AbsTarget="(x=-24.9,y=-13.1,angle=-90.0)" Delta="(x=0.3,y=-0.1,angle=6.4)" />
globalTracer.TrcPurePursuitDrive.driveTask_Info: <Event name="RobotPose" time="3.920" AbsPose="(x=-25.0,y=-13.2,angle=-92.8)" AbsTarget="(x=-24.9,y=-13.1,angle=-90.0)" Delta="(x=0.2,y=-0.1,angle=4.3)" />
globalTracer.TrcPurePursuitDrive.driveTask_Info: <Event name="RobotPose" time="3.959" AbsPose="(x=-25.0,y=-13.1,angle=-91.1)" AbsTarget="(x=-24.9,y=-13.1,angle=-90.0)" Delta="(x=0.1,y=-0.1,angle=2.8)" />
globalTracer.TrcPurePursuitDrive.driveTask_Info: <Event name="RobotPose" time="3.990" AbsPose="(x=-25.0,y=-13.1,angle=-91.1)" AbsTarget="(x=-24.9,y=-13.1,angle=-90.0)" Delta="(x=-0.0,y=-0.0,angle=1.1)" />
globalTracer.TrcPurePursuitDrive.driveTask_Info: <Event name="RobotPose" time="4.022" AbsPose="(x=-25.0,y=-13.0,angle=-90.3)" AbsTarget="(x=-24.9,y=-13.1,angle=-90.0)" Delta="(x=-0.0,y=-0.0,angle=1.1)" />
globalTracer.TrcPurePursuitDrive.driveTask_Info: <Event name="RobotPose" time="4.053" AbsPose="(x=-25.0,y=-13.0,angle=-90.3)" AbsTarget="(x=-24.9,y=-13.1,angle=-90.0)" Delta="(x=-0.1,y=-0.0,angle=0.3)" />
globalTracer.TrcPurePursuitDrive.driveTask_Info: <Event name="RobotPose" time="4.093" AbsPose="(x=-25.0,y=-13.0,angle=-90.5)" AbsTarget="(x=-24.9,y=-13.1,angle=-90.0)" Delta="(x=-0.0,y=-0.0,angle=0.5)" />
globalTracer.TrcPurePursuitDrive.driveTask_Info: <Event name="RobotPose" time="4.126" AbsPose="(x=-25.0,y=-13.0,angle=-90.6)" AbsTarget="(x=-24.9,y=-13.1,angle=-90.0)" Delta="(x=-0.0,y=-0.0,angle=0.6)" />
globalTracer.TrcPurePursuitDrive.driveTask_Info: <Event name="RobotPose" time="4.159" AbsPose="(x=-25.0,y=-13.0,angle=-90.4)" AbsTarget="(x=-24.9,y=-13.1,angle=-90.0)" Delta="(x=-0.0,y=-0.0,angle=0.6)" />
globalTracer.TrcPurePursuitDrive.driveTask_Info: <Event name="RobotPose" time="4.189" AbsPose="(x=-25.0,y=-13.0,angle=-90.4)" AbsTarget="(x=-24.9,y=-13.1,angle=-90.0)" Delta="(x=-0.0,y=-0.1,angle=0.4)" />
globalTracer.TrcPurePursuitDrive.driveTask_Info: <Event name="RobotPose" time="4.232" AbsPose="(x=-25.0,y=-13.0,angle=-90.3)" AbsTarget="(x=-24.9,y=-13.1,angle=-90.0)" Delta="(x=-0.0,y=-0.1,angle=0.4)" />
globalTracer.TrcPurePursuitDrive.driveTask_Info: Done[index=3/4]: stalled=false, timeout=false, posOnTarget=true, headingOnTarget=true
globalTracer.TrcPurePursuitDrive.driveTask_Info: Signal finished event.
globalTracer.TrcPurePursuitDrive.driveTask_Info: <Event name="RobotPose" time="4.268" AbsPose="(x=-25.1,y=-13.0,angle=-89.9)" AbsTarget="(x=-24.9,y=-13.1,angle=-90.0)" Delta="(x=-0.0,y=-0.1,angle=0.3)" />
globalTracer.autoAssistScoreCone_Info: TaskScoreCone: startTarget=0.00, startPowerLimit=0.00, expectedTarget=90.00, scoreHeight=31.00, scanPower=0.30, scanDuration=5.000, event=(CmdAutoHigh=SIGNALED)
globalTracer.traceStateInfo_Info: <Event name="StateInfo" time="4.274" tag=">>>>>" CmdAutoHigh.state="AUTO_SCORE_CONE" />
globalTracer.traceStateInfo_Info: <Event name="StateInfo" time="4.282" tag=">>>>>" TaskScoreCone.state="START" />
globalTracer.sensorTriggerEvent_Info: value=7.598, state=true
globalTracer.detectedTarget_Info: sensorValue=8.70, detected=true
globalTracer.traceStateInfo_Info: <Event name="StateInfo" time="4.828" tag=">>>>>" TaskScoreCone.state="CHECK_FOR_POLE" />
globalTracer.traceStateInfo_Info: <Event name="StateInfo" time="4.832" tag=">>>>>" TaskScoreCone.state="RAISE_TO_SCORE_HEIGHT" />
globalTracer.pidMotorTask_Info: TrcPidMotor.elevator: stalled=false, timedOut=false, onTarget=true, event=(TaskScoreCone=CLEARED)
globalTracer.printPidInfo_Info: [5.972237] elevator.pidCtrl: Target=  31.0, Input=  30.2, dT=0.020683, CurrErr=   0.8, ErrRate=  -1.9, Output= 0.208(-0.300/ 1.000)
globalTracer.detectedTarget_Info: sensorValue=8.54, detected=true
globalTracer.getScoringArmAngle_Info: sensorValue=8.39, minDistance=6.65, triggerSettlingData=[8.779527559055119, 6.889763779527559, 6.653543307086615]
globalTracer.getScoringArmAngle_Info: sensorValue=8.39, poleDist=3.95, armAngle=21.90816564683248
globalTracer.runTaskState_Info: Found the pole (armAngle=21.908166).
globalTracer.traceStateInfo_Info: <Event name="StateInfo" time="6.035" tag=">>>>>" TaskScoreCone.state="EXTEND_ARM" />
globalTracer.pidMotorTask_Info: TrcPidMotor.arm: stalled=false, timedOut=true, onTarget=false, event=(TaskScoreCone=CLEARED)
globalTracer.printPidInfo_Info: [9.067193] arm.pidCtrl: Target=   0.0, Input=   0.0, dT=0.000000, CurrErr=   0.0, ErrRate=   0.0, Output= 0.000(-1.000/ 1.000)
globalTracer.traceStateInfo_Info: <Event name="StateInfo" time="9.099" tag=">>>>>" TaskScoreCone.state="CAP_POLE" />
globalTracer.open_Info: Opening: event=null
globalTracer.cancelAutoAssist_Info: Canceling: grabberClosed=false, hasObject=false, timerEvent=(grabber.timerEvent=CLEARED)
globalTracer.releaseSubsystemsOwnership_Info: TaskScoreCone: Releasing subsystem ownership (currOwner=ScoreConeTask, turret=ScoreConeTask, elevator=ScoreConeTask, arm=ScoreConeTask).
globalTracer.traceStateInfo_Info: <Event name="StateInfo" time="9.360" tag=">>>>>" TaskScoreCone.state="SCORE_CONE" />
globalTracer.start_Info: Path=TrcPath(degrees=true, [TrcWaypoint(pose=(x=-25.0,y=-12.5,angle=-83.8),vel=0.00), TrcWaypoint(pose=(x=-47.5,y=-13.1,angle=-90.0),vel=0.00)])
globalTracer.traceStateInfo_Info: <Event name="StateInfo" time="9.370" tag=">>>>>" CmdAutoHigh.state="GO_TO_CONE_STACK" RobotPose=(x=-25.0,y=-12.5,angle=-83.8) TargetPose=(x=-47.5,y=-13.1,angle=-90.0) vel=(x=-0.2,y=0.4,angle=-1.1) Path=TrcPath(degrees=true, [TrcWaypoint(pose=(x=0.0,y=0.0,angle=0.0),vel=0.00), TrcWaypoint(pose=(x=-3.0,y=22.3,angle=-6.2),vel=0.00)]) />
globalTracer.TrcPurePursuitDrive.driveTask_Info: <Event name="RobotPose" time="9.430" AbsPose="(x=-25.0,y=-12.5,angle=-83.8)" AbsTarget="(x=-47.5,y=-13.1,angle=-90.0)" Delta="(x=-3.0,y=22.3,angle=-6.3)" />
globalTracer.TrcPurePursuitDrive.driveTask_Info: <Event name="RobotPose" time="9.492" AbsPose="(x=-25.0,y=-12.6,angle=-84.1)" AbsTarget="(x=-47.5,y=-13.1,angle=-90.0)" Delta="(x=-2.9,y=22.3,angle=-6.1)" />
globalTracer.TrcPurePursuitDrive.driveTask_Info: <Event name="RobotPose" time="9.516" AbsPose="(x=-25.3,y=-12.5,angle=-83.8)" AbsTarget="(x=-47.5,y=-13.1,angle=-90.0)" Delta="(x=-3.0,y=22.0,angle=-6.3)" />
globalTracer.TrcPurePursuitDrive.driveTask_Info: <Event name="RobotPose" time="9.556" AbsPose="(x=-25.8,y=-12.6,angle=-82.3)" AbsTarget="(x=-47.5,y=-13.1,angle=-90.0)" Delta="(x=-3.1,y=21.5,angle=-6.9)" />
globalTracer.TrcPurePursuitDrive.driveTask_Info: <Event name="RobotPose" time="9.575" AbsPose="(x=-26.4,y=-12.4,angle=-81.1)" AbsTarget="(x=-47.5,y=-13.1,angle=-90.0)" Delta="(x=-3.4,y=21.5,angle=-7.8)" />
globalTracer.TrcPurePursuitDrive.driveTask_Info: <Event name="RobotPose" time="9.608" AbsPose="(x=-26.7,y=-12.2,angle=-80.4)" AbsTarget="(x=-47.5,y=-13.1,angle=-90.0)" Delta="(x=-3.9,y=20.8,angle=-8.9)" />
globalTracer.TrcPurePursuitDrive.driveTask_Info: <Event name="RobotPose" time="9.639" AbsPose="(x=-27.2,y=-12.0,angle=-80.1)" AbsTarget="(x=-47.5,y=-13.1,angle=-90.0)" Delta="(x=-4.3,y=20.4,angle=-9.6)" />
globalTracer.TrcPurePursuitDrive.driveTask_Info: <Event name="RobotPose" time="9.670" AbsPose="(x=-27.7,y=-11.9,angle=-80.1)" AbsTarget="(x=-47.5,y=-13.1,angle=-90.0)" Delta="(x=-4.5,y=19.8,angle=-9.9)" />
globalTracer.TrcPurePursuitDrive.driveTask_Info: <Event name="RobotPose" time="9.705" AbsPose="(x=-28.4,y=-11.8,angle=-80.4)" AbsTarget="(x=-47.5,y=-13.1,angle=-90.0)" Delta="(x=-4.6,y=19.3,angle=-9.9)" />
globalTracer.TrcPurePursuitDrive.driveTask_Info: <Event name="RobotPose" time="9.731" AbsPose="(x=-28.4,y=-11.8,angle=-81.0)" AbsTarget="(x=-47.5,y=-13.1,angle=-90.0)" Delta="(x=-4.4,y=18.6,angle=-9.6)" />
globalTracer.TrcPurePursuitDrive.driveTask_Info: <Event name="RobotPose" time="9.761" AbsPose="(x=-29.2,y=-11.8,angle=-81.9)" AbsTarget="(x=-47.5,y=-13.1,angle=-90.0)" Delta="(x=-4.2,y=18.6,angle=-9.0)" />
globalTracer.TrcPurePursuitDrive.driveTask_Info: <Event name="RobotPose" time="9.798" AbsPose="(x=-30.2,y=-11.7,angle=-82.8)" AbsTarget="(x=-47.5,y=-13.1,angle=-90.0)" Delta="(x=-3.8,y=17.9,angle=-8.1)" />
globalTracer.TrcPurePursuitDrive.driveTask_Info: <Event name="RobotPose" time="9.819" AbsPose="(x=-30.6,y=-11.9,angle=-84.8)" AbsTarget="(x=-47.5,y=-13.1,angle=-90.0)" Delta="(x=-3.5,y=17.0,angle=-7.2)" />
globalTracer.TrcPurePursuitDrive.driveTask_Info: <Event name="RobotPose" time="9.849" AbsPose="(x=-31.2,y=-12.0,angle=-85.9)" AbsTarget="(x=-47.5,y=-13.1,angle=-90.0)" Delta="(x=-2.7,y=16.7,angle=-5.3)" />
globalTracer.TrcPurePursuitDrive.driveTask_Info: <Event name="RobotPose" time="9.902" AbsPose="(x=-33.3,y=-12.2,angle=-87.8)" AbsTarget="(x=-47.5,y=-13.1,angle=-90.0)" Delta="(x=-2.2,y=16.2,angle=-4.1)" />
globalTracer.TrcPurePursuitDrive.driveTask_Info: <Event name="RobotPose" time="9.965" AbsPose="(x=-34.2,y=-12.4,angle=-90.3)" AbsTarget="(x=-47.5,y=-13.1,angle=-90.0)" Delta="(x=-1.4,y=14.1,angle=-2.2)" />
globalTracer.TrcPurePursuitDrive.driveTask_Info: <Event name="RobotPose" time="10.012" AbsPose="(x=-36.3,y=-12.5,angle=-91.2)" AbsTarget="(x=-47.5,y=-13.1,angle=-90.0)" Delta="(x=-0.6,y=13.3,angle=0.3)" />
globalTracer.TrcPurePursuitDrive.driveTask_Info: <Event name="RobotPose" time="10.071" AbsPose="(x=-38.6,y=-12.8,angle=-93.2)" AbsTarget="(x=-47.5,y=-13.1,angle=-90.0)" Delta="(x=0.1,y=11.2,angle=2.8)" />
globalTracer.TrcPurePursuitDrive.driveTask_Info: <Event name="RobotPose" time="10.146" AbsPose="(x=-41.1,y=-13.1,angle=-96.5)" AbsTarget="(x=-47.5,y=-13.1,angle=-90.0)" Delta="(x=0.5,y=8.3,angle=5.4)" />
globalTracer.TrcPurePursuitDrive.driveTask_Info: <Event name="RobotPose" time="10.202" AbsPose="(x=-43.2,y=-13.2,angle=-97.4)" AbsTarget="(x=-47.5,y=-13.1,angle=-90.0)" Delta="(x=0.6,y=6.3,angle=7.0)" />
globalTracer.TrcPurePursuitDrive.driveTask_Info: <Event name="RobotPose" time="10.256" AbsPose="(x=-43.2,y=-13.0,angle=-98.6)" AbsTarget="(x=-47.5,y=-13.1,angle=-90.0)" Delta="(x=0.4,y=4.2,angle=8.1)" />
globalTracer.TrcPurePursuitDrive.driveTask_Info: <Event name="RobotPose" time="10.316" AbsPose="(x=-46.9,y=-13.4,angle=-100.1)" AbsTarget="(x=-47.5,y=-13.1,angle=-90.0)" Delta="(x=0.3,y=1.8,angle=9.1)" />
globalTracer.TrcPurePursuitDrive.driveTask_Info: <Event name="RobotPose" time="10.366" AbsPose="(x=-48.1,y=-13.4,angle=-101.9)" AbsTarget="(x=-47.5,y=-13.1,angle=-90.0)" Delta="(x=0.2,y=0.5,angle=11.2)" />
globalTracer.TrcPurePursuitDrive.driveTask_Info: <Event name="RobotPose" time="10.407" AbsPose="(x=-48.9,y=-13.4,angle=-102.1)" AbsTarget="(x=-47.5,y=-13.1,angle=-90.0)" Delta="(x=0.2,y=-0.7,angle=11.9)" />
globalTracer.TrcPurePursuitDrive.driveTask_Info: <Event name="RobotPose" time="10.476" AbsPose="(x=-49.9,y=-13.2,angle=-99.8)" AbsTarget="(x=-47.5,y=-13.1,angle=-90.0)" Delta="(x=-0.1,y=-1.5,angle=11.8)" />
globalTracer.TrcPurePursuitDrive.driveTask_Info: <Event name="RobotPose" time="10.539" AbsPose="(x=-50.8,y=-13.2,angle=-96.4)" AbsTarget="(x=-47.5,y=-13.1,angle=-90.0)" Delta="(x=-0.2,y=-2.4,angle=7.9)" />
globalTracer.TrcPurePursuitDrive.driveTask_Info: <Event name="RobotPose" time="10.590" AbsPose="(x=-50.9,y=-13.0,angle=-91.6)" AbsTarget="(x=-47.5,y=-13.1,angle=-90.0)" Delta="(x=-0.2,y=-3.3,angle=6.4)" />
globalTracer.TrcPurePursuitDrive.driveTask_Info: <Event name="RobotPose" time="10.656" AbsPose="(x=-50.8,y=-12.8,angle=-87.9)" AbsTarget="(x=-47.5,y=-13.1,angle=-90.0)" Delta="(x=-0.1,y=-3.4,angle=-1.6)" />
globalTracer.TrcPurePursuitDrive.driveTask_Info: <Event name="RobotPose" time="10.707" AbsPose="(x=-50.6,y=-12.9,angle=-87.0)" AbsTarget="(x=-47.5,y=-13.1,angle=-90.0)" Delta="(x=-0.1,y=-3.3,angle=-2.1)" />
globalTracer.TrcPurePursuitDrive.driveTask_Info: <Event name="RobotPose" time="10.746" AbsPose="(x=-50.4,y=-12.9,angle=-86.5)" AbsTarget="(x=-47.5,y=-13.1,angle=-90.0)" Delta="(x=-0.0,y=-3.1,angle=-3.0)" />
globalTracer.TrcPurePursuitDrive.driveTask_Info: <Event name="RobotPose" time="10.776" AbsPose="(x=-50.4,y=-12.8,angle=-87.3)" AbsTarget="(x=-47.5,y=-13.1,angle=-90.0)" Delta="(x=-0.0,y=-2.9,angle=-3.5)" />
globalTracer.TrcPurePursuitDrive.driveTask_Info: <Event name="RobotPose" time="10.819" AbsPose="(x=-50.0,y=-12.9,angle=-88.4)" AbsTarget="(x=-47.5,y=-13.1,angle=-90.0)" Delta="(x=-0.1,y=-2.9,angle=-2.7)" />
globalTracer.TrcPurePursuitDrive.driveTask_Info: <Event name="RobotPose" time="10.851" AbsPose="(x=-49.7,y=-12.9,angle=-88.6)" AbsTarget="(x=-47.5,y=-13.1,angle=-90.0)" Delta="(x=-0.1,y=-2.5,angle=-1.6)" />
globalTracer.TrcPurePursuitDrive.driveTask_Info: <Event name="RobotPose" time="10.898" AbsPose="(x=-49.5,y=-13.0,angle=-89.5)" AbsTarget="(x=-47.5,y=-13.1,angle=-90.0)" Delta="(x=-0.1,y=-2.2,angle=-1.0)" />
globalTracer.TrcPurePursuitDrive.driveTask_Info: <Event name="RobotPose" time="10.932" AbsPose="(x=-49.3,y=-13.0,angle=-89.4)" AbsTarget="(x=-47.5,y=-13.1,angle=-90.0)" Delta="(x=-0.1,y=-2.0,angle=-0.5)" />
globalTracer.TrcPurePursuitDrive.driveTask_Info: <Event name="RobotPose" time="11.008" AbsPose="(x=-49.1,y=-13.0,angle=-88.9)" AbsTarget="(x=-47.5,y=-13.1,angle=-90.0)" Delta="(x=-0.0,y=-1.8,angle=-0.8)" />
globalTracer.TrcPurePursuitDrive.driveTask_Info: <Event name="RobotPose" time="11.080" AbsPose="(x=-49.0,y=-13.0,angle=-88.8)" AbsTarget="(x=-47.5,y=-13.1,angle=-90.0)" Delta="(x=-0.0,y=-1.5,angle=-1.2)" />
globalTracer.TrcPurePursuitDrive.driveTask_Info: <Event name="RobotPose" time="11.105" AbsPose="(x=-48.9,y=-13.0,angle=-88.8)" AbsTarget="(x=-47.5,y=-13.1,angle=-90.0)" Delta="(x=-0.0,y=-1.5,angle=-1.3)" />
globalTracer.TrcPurePursuitDrive.driveTask_Info: <Event name="RobotPose" time="11.138" AbsPose="(x=-48.9,y=-13.0,angle=-89.1)" AbsTarget="(x=-47.5,y=-13.1,angle=-90.0)" Delta="(x=-0.1,y=-1.5,angle=-1.3)" />
globalTracer.TrcPurePursuitDrive.driveTask_Info: <Event name="RobotPose" time="11.168" AbsPose="(x=-48.9,y=-13.0,angle=-89.3)" AbsTarget="(x=-47.5,y=-13.1,angle=-90.0)" Delta="(x=-0.0,y=-1.4,angle=-0.9)" />
globalTracer.TrcPurePursuitDrive.driveTask_Info: <Event name="RobotPose" time="11.190" AbsPose="(x=-48.9,y=-13.0,angle=-89.3)" AbsTarget="(x=-47.5,y=-13.1,angle=-90.0)" Delta="(x=-0.1,y=-1.4,angle=-0.8)" />
globalTracer.TrcPurePursuitDrive.driveTask_Info: <Event name="RobotPose" time="11.207" AbsPose="(x=-48.9,y=-13.0,angle=-89.4)" AbsTarget="(x=-47.5,y=-13.1,angle=-90.0)" Delta="(x=-0.1,y=-1.4,angle=-0.7)" />
globalTracer.TrcPurePursuitDrive.driveTask_Info: <Event name="RobotPose" time="11.244" AbsPose="(x=-48.9,y=-13.0,angle=-89.4)" AbsTarget="(x=-47.5,y=-13.1,angle=-90.0)" Delta="(x=-0.1,y=-1.4,angle=-0.6)" />
globalTracer.TrcPurePursuitDrive.driveTask_Info: <Event name="RobotPose" time="11.273" AbsPose="(x=-48.8,y=-13.0,angle=-89.4)" AbsTarget="(x=-47.5,y=-13.1,angle=-90.0)" Delta="(x=-0.1,y=-1.4,angle=-0.6)" />
globalTracer.TrcPurePursuitDrive.driveTask_Info: <Event name="RobotPose" time="11.309" AbsPose="(x=-48.8,y=-13.0,angle=-89.4)" AbsTarget="(x=-47.5,y=-13.1,angle=-90.0)" Delta="(x=-0.1,y=-1.3,angle=-0.6)" />
globalTracer.TrcPurePursuitDrive.driveTask_Info: Done[index=1/2]: stalled=false, timeout=false, posOnTarget=true, headingOnTarget=true
globalTracer.TrcPurePursuitDrive.driveTask_Info: Signal finished event.
globalTracer.autoAssistPickupCone_Info: TaskPickupCone: conesRemaining=5, useVision=true, event=(CmdAutoHigh=SIGNALED)
globalTracer.TrcPurePursuitDrive.driveTask_Info: <Event name="RobotPose" time="11.335" AbsPose="(x=-48.8,y=-13.0,angle=-89.4)" AbsTarget="(x=-47.5,y=-13.1,angle=-90.0)" Delta="(x=-0.1,y=-1.3,angle=-0.6)" />
globalTracer.traceStateInfo_Info: <Event name="StateInfo" time="11.336" tag=">>>>>" CmdAutoHigh.state="AUTO_PICKUP_CONE" />
globalTracer.runTaskState_Info: TURRET POS: 180.0
globalTracer.runTaskState_Info: TURRET POS: 180.0
globalTracer.traceStateInfo_Info: <Event name="StateInfo" time="11.377" tag=">>>>>" TaskPickupCone.state="START" />
globalTracer.runTaskState_Info: TURRET POS: 180.0
globalTracer.traceStateInfo_Info: <Event name="StateInfo" time="11.384" tag=">>>>>" TaskPickupCone.state="LOOK_FOR_CONE" />
globalTracer.runTaskState_Info: TURRET POS: 180.0
globalTracer.traceStateInfo_Info: <Event name="StateInfo" time="11.393" tag=">>>>>" TaskPickupCone.state="LOOK_FOR_CONE" />
globalTracer.runTaskState_Info: TURRET POS: 180.0
globalTracer.traceStateInfo_Info: <Event name="StateInfo" time="11.402" tag=">>>>>" TaskPickupCone.state="LOOK_FOR_CONE" />
globalTracer.runTaskState_Info: TURRET POS: 180.0
globalTracer.traceStateInfo_Info: <Event name="StateInfo" time="11.411" tag=">>>>>" TaskPickupCone.state="LOOK_FOR_CONE" />
globalTracer.runTaskState_Info: TURRET POS: 180.0
globalTracer.traceStateInfo_Info: <Event name="StateInfo" time="11.416" tag=">>>>>" TaskPickupCone.state="LOOK_FOR_CONE" />
globalTracer.runTaskState_Info: TURRET POS: 180.0
globalTracer.traceStateInfo_Info: <Event name="StateInfo" time="11.425" tag=">>>>>" TaskPickupCone.state="LOOK_FOR_CONE" />
globalTracer.runTaskState_Info: TURRET POS: 180.0
globalTracer.runTaskState_Info: Found cone: coneInfo=Obj=Rect={146, 0, 226x327},area=49838.5 image(w=640,h=480) distImageCenter={-61.0, -76.5} distCamera={-0.681375042641601, 9.073024241270684} targetWidth=2.7 horiAngle=-4.3
globalTracer.traceStateInfo_Info: <Event name="StateInfo" time="11.441" tag=">>>>>" TaskPickupCone.state="LOOK_FOR_CONE" />
globalTracer.start_Info: Path=TrcPath(degrees=true, [TrcWaypoint(pose=(x=-48.8,y=-13.0,angle=-89.4),vel=0.00), TrcWaypoint(pose=(x=-48.8,y=-14.7,angle=-90.0),vel=0.00)])
globalTracer.traceStateInfo_Info: <Event name="StateInfo" time="11.445" tag=">>>>>" TaskPickupCone.state="DRIVE_TO_CONE" />
globalTracer.TrcPurePursuitDrive.driveTask_Info: <Event name="RobotPose" time="11.465" AbsPose="(x=-48.8,y=-13.0,angle=-89.4)" AbsTarget="(x=-48.8,y=-14.7,angle=-90.0)" Delta="(x=-1.7,y=0.0,angle=-0.6)" />
globalTracer.TrcPurePursuitDrive.driveTask_Info: <Event name="RobotPose" time="11.511" AbsPose="(x=-48.8,y=-13.0,angle=-89.4)" AbsTarget="(x=-48.8,y=-14.7,angle=-90.0)" Delta="(x=-1.7,y=-0.0,angle=-0.6)" />
globalTracer.TrcPurePursuitDrive.driveTask_Info: <Event name="RobotPose" time="11.551" AbsPose="(x=-48.8,y=-13.0,angle=-89.4)" AbsTarget="(x=-48.8,y=-14.7,angle=-90.0)" Delta="(x=-1.7,y=-0.0,angle=-0.6)" />
globalTracer.TrcPurePursuitDrive.driveTask_Info: <Event name="RobotPose" time="11.586" AbsPose="(x=-48.8,y=-13.1,angle=-89.5)" AbsTarget="(x=-48.8,y=-14.7,angle=-90.0)" Delta="(x=-1.7,y=0.0,angle=-0.6)" />
globalTracer.TrcPurePursuitDrive.driveTask_Info: <Event name="RobotPose" time="11.618" AbsPose="(x=-48.8,y=-13.1,angle=-89.4)" AbsTarget="(x=-48.8,y=-14.7,angle=-90.0)" Delta="(x=-1.6,y=-0.0,angle=-0.5)" />
globalTracer.TrcPurePursuitDrive.driveTask_Info: <Event name="RobotPose" time="11.654" AbsPose="(x=-48.8,y=-13.1,angle=-89.3)" AbsTarget="(x=-48.8,y=-14.7,angle=-90.0)" Delta="(x=-1.6,y=-0.0,angle=-0.6)" />
globalTracer.TrcPurePursuitDrive.driveTask_Info: Done[index=1/2]: stalled=false, timeout=false, posOnTarget=true, headingOnTarget=true
globalTracer.TrcPurePursuitDrive.driveTask_Info: Signal finished event.
globalTracer.TrcPurePursuitDrive.driveTask_Info: <Event name="RobotPose" time="11.699" AbsPose="(x=-48.9,y=-13.1,angle=-89.3)" AbsTarget="(x=-48.8,y=-14.7,angle=-90.0)" Delta="(x=-1.6,y=-0.0,angle=-0.7)" />
globalTracer.enableAutoAssist_Info: Enabling: grabberClosed=false, inProximity=false (params=event=(TaskPickupCone.grabberEvent=CLEARED),timeout=0.000)
globalTracer.runTaskState_Info: grabberSensorDist=8.740, turretPos=180.000, conesRemaining=5
globalTracer.start_Info: Path=TrcPath(degrees=true, [TrcWaypoint(pose=(x=-48.9,y=-13.1,angle=-89.3),vel=0.00), TrcWaypoint(pose=(x=-57.5,y=-13.0,angle=-90.0),vel=0.00)])
globalTracer.traceStateInfo_Info: <Event name="StateInfo" time="11.797" tag=">>>>>" TaskPickupCone.state="APPROACH_CONE" />
globalTracer.TrcPurePursuitDrive.driveTask_Info: <Event name="RobotPose" time="11.842" AbsPose="(x=-48.9,y=-13.1,angle=-89.3)" AbsTarget="(x=-57.5,y=-13.0,angle=-90.0)" Delta="(x=0.0,y=8.6,angle=-0.7)" />
globalTracer.TrcPurePursuitDrive.driveTask_Info: <Event name="RobotPose" time="11.874" AbsPose="(x=-48.9,y=-13.1,angle=-89.3)" AbsTarget="(x=-57.5,y=-13.0,angle=-90.0)" Delta="(x=0.0,y=8.6,angle=-0.7)" />
globalTracer.TrcPurePursuitDrive.driveTask_Info: <Event name="RobotPose" time="11.903" AbsPose="(x=-48.9,y=-13.1,angle=-89.3)" AbsTarget="(x=-57.5,y=-13.0,angle=-90.0)" Delta="(x=-0.0,y=8.6,angle=-0.7)" />
globalTracer.TrcPurePursuitDrive.driveTask_Info: <Event name="RobotPose" time="11.936" AbsPose="(x=-49.1,y=-13.1,angle=-89.3)" AbsTarget="(x=-57.5,y=-13.0,angle=-90.0)" Delta="(x=-0.0,y=8.6,angle=-0.7)" />
globalTracer.TrcPurePursuitDrive.driveTask_Info: <Event name="RobotPose" time="11.976" AbsPose="(x=-49.3,y=-13.1,angle=-89.0)" AbsTarget="(x=-57.5,y=-13.0,angle=-90.0)" Delta="(x=-0.0,y=8.4,angle=-0.7)" />
globalTracer.TrcPurePursuitDrive.driveTask_Info: <Event name="RobotPose" time="12.057" AbsPose="(x=-50.3,y=-13.0,angle=-88.5)" AbsTarget="(x=-57.5,y=-13.0,angle=-90.0)" Delta="(x=-0.1,y=8.2,angle=-1.0)" />
globalTracer.TrcPurePursuitDrive.driveTask_Info: <Event name="RobotPose" time="12.096" AbsPose="(x=-50.3,y=-13.0,angle=-88.5)" AbsTarget="(x=-57.5,y=-13.0,angle=-90.0)" Delta="(x=-0.3,y=7.2,angle=-1.5)" />
globalTracer.TrcPurePursuitDrive.driveTask_Info: <Event name="RobotPose" time="12.145" AbsPose="(x=-51.4,y=-12.9,angle=-88.5)" AbsTarget="(x=-57.5,y=-13.0,angle=-90.0)" Delta="(x=-0.3,y=7.2,angle=-1.5)" />
globalTracer.TrcPurePursuitDrive.driveTask_Info: <Event name="RobotPose" time="12.184" AbsPose="(x=-52.0,y=-12.8,angle=-88.7)" AbsTarget="(x=-57.5,y=-13.0,angle=-90.0)" Delta="(x=-0.3,y=6.1,angle=-1.5)" />
globalTracer.TrcPurePursuitDrive.driveTask_Info: <Event name="RobotPose" time="12.214" AbsPose="(x=-52.4,y=-12.8,angle=-89.1)" AbsTarget="(x=-57.5,y=-13.0,angle=-90.0)" Delta="(x=-0.3,y=5.4,angle=-1.3)" />
globalTracer.TrcPurePursuitDrive.driveTask_Info: <Event name="RobotPose" time="12.246" AbsPose="(x=-52.4,y=-12.8,angle=-89.1)" AbsTarget="(x=-57.5,y=-13.0,angle=-90.0)" Delta="(x=-0.3,y=5.1,angle=-0.9)" />
globalTracer.TrcPurePursuitDrive.driveTask_Info: <Event name="RobotPose" time="12.282" AbsPose="(x=-53.1,y=-12.8,angle=-89.6)" AbsTarget="(x=-57.5,y=-13.0,angle=-90.0)" Delta="(x=-0.3,y=4.3,angle=-0.4)" />
globalTracer.TrcPurePursuitDrive.driveTask_Info: <Event name="RobotPose" time="12.312" AbsPose="(x=-53.3,y=-12.8,angle=-89.8)" AbsTarget="(x=-57.5,y=-13.0,angle=-90.0)" Delta="(x=-0.3,y=4.3,angle=-0.4)" />
globalTracer.TrcPurePursuitDrive.driveTask_Info: <Event name="RobotPose" time="12.359" AbsPose="(x=-54.3,y=-12.8,angle=-90.1)" AbsTarget="(x=-57.5,y=-13.0,angle=-90.0)" Delta="(x=-0.3,y=4.2,angle=-0.3)" />
globalTracer.TrcPurePursuitDrive.driveTask_Info: <Event name="RobotPose" time="12.392" AbsPose="(x=-54.3,y=-12.8,angle=-90.1)" AbsTarget="(x=-57.5,y=-13.0,angle=-90.0)" Delta="(x=-0.2,y=3.2,angle=0.1)" />
globalTracer.TrcPurePursuitDrive.driveTask_Info: <Event name="RobotPose" time="12.427" AbsPose="(x=-54.7,y=-12.8,angle=-90.2)" AbsTarget="(x=-57.5,y=-13.0,angle=-90.0)" Delta="(x=-0.2,y=3.2,angle=0.1)" />
globalTracer.TrcPurePursuitDrive.driveTask_Info: <Event name="RobotPose" time="12.460" AbsPose="(x=-55.6,y=-12.8,angle=-90.3)" AbsTarget="(x=-57.5,y=-13.0,angle=-90.0)" Delta="(x=-0.2,y=2.8,angle=0.2)" />
globalTracer.TrcPurePursuitDrive.driveTask_Info: <Event name="RobotPose" time="12.559" AbsPose="(x=-56.3,y=-12.8,angle=-90.4)" AbsTarget="(x=-57.5,y=-13.0,angle=-90.0)" Delta="(x=-0.2,y=1.9,angle=0.3)" />
globalTracer.TrcPurePursuitDrive.driveTask_Info: <Event name="RobotPose" time="12.591" AbsPose="(x=-56.6,y=-12.8,angle=-90.4)" AbsTarget="(x=-57.5,y=-13.0,angle=-90.0)" Delta="(x=-0.2,y=1.2,angle=0.4)" />
globalTracer.TrcPurePursuitDrive.driveTask_Info: <Event name="RobotPose" time="12.610" AbsPose="(x=-56.6,y=-12.8,angle=-90.4)" AbsTarget="(x=-57.5,y=-13.0,angle=-90.0)" Delta="(x=-0.2,y=0.9,angle=0.4)" />
globalTracer.TrcPurePursuitDrive.driveTask_Info: <Event name="RobotPose" time="12.647" AbsPose="(x=-56.6,y=-12.8,angle=-90.4)" AbsTarget="(x=-57.5,y=-13.0,angle=-90.0)" Delta="(x=-0.3,y=0.8,angle=0.4)" />
globalTracer.analogTriggerEvent_Info: Zone=1->0, value=1.260
globalTracer.TrcPurePursuitDrive.driveTask_Info: Done[index=1/2]: stalled=false, timeout=false, posOnTarget=true, headingOnTarget=true
globalTracer.TrcPurePursuitDrive.driveTask_Info: Signal finished event.
globalTracer.analogTriggerEvent_Info: Trigger: inProximity=true
globalTracer.TrcPurePursuitDrive.driveTask_Info: <Event name="RobotPose" time="12.691" AbsPose="(x=-56.6,y=-12.8,angle=-90.4)" AbsTarget="(x=-57.5,y=-13.0,angle=-90.0)" Delta="(x=-0.3,y=0.8,angle=0.4)" />
globalTracer.close_Info: Closing: event=(TaskPickupCone.grabberEvent=CLEARED)
globalTracer.close_Info: Closing: event=(TaskPickupCone.grabberEvent=CLEARED)
globalTracer.timerTask_Warn: Expecting a timer from the queue but there is none.
globalTracer.runTaskState_Info: Didn't detecte the cone, grab it anyway (grabberSensor=0.787).
globalTracer.traceStateInfo_Info: <Event name="StateInfo" time="12.726" tag=">>>>>" TaskPickupCone.state="PICKUP_CONE" />
globalTracer.traceStateInfo_Info: <Event name="StateInfo" time="13.227" tag=">>>>>" TaskPickupCone.state="LIFT_CONE" />
globalTracer.analogTriggerEvent_Info: Zone=0->1, value=1.811
globalTracer.analogTriggerEvent_Info: Trigger: inProximity=false
globalTracer.pidMotorTask_Info: TrcPidMotor.arm: stalled=false, timedOut=false, onTarget=true, event=(TaskPickupCone=CLEARED)
globalTracer.printPidInfo_Info: [14.775235] arm.pidCtrl: Target=   0.0, Input=   0.0, dT=0.000000, CurrErr=   0.0, ErrRate=   0.0, Output= 0.000(-1.000/ 1.000)
globalTracer.stopSubsystems_Info: TaskPickupCone: Stopping subsystems.
globalTracer.releaseSubsystemsOwnership_Info: TaskPickupCone: Releasing subsystem ownership (currOwner=PickupConeTask, driveBase=PickupConeTask, turret=PickupConeTask, elevator=PickupConeTask, arm=PickupConeTask).
globalTracer.traceStateInfo_Info: <Event name="StateInfo" time="14.793" tag=">>>>>" TaskPickupCone.state="DONE" />
globalTracer.start_Info: Path=TrcPath(degrees=true, [TrcWaypoint(pose=(x=-56.4,y=-12.8,angle=-90.7),vel=0.00), TrcWaypoint(pose=(x=-24.9,y=-13.1,angle=-90.0),vel=0.00)])
globalTracer.TrcPurePursuitDrive.driveTask_Info: <Event name="RobotPose" time="14.836" AbsPose="(x=-56.4,y=-12.8,angle=-90.6)" AbsTarget="(x=-24.9,y=-13.1,angle=-90.0)" Delta="(x=-0.7,y=-31.4,angle=0.7)" />
globalTracer.traceStateInfo_Info: <Event name="StateInfo" time="14.840" tag=">>>>>" CmdAutoHigh.state="BACK_TO_SCORE_POSITION" RobotPose=(x=-56.4,y=-12.8,angle=-90.6) TargetPose=(x=-24.9,y=-13.1,angle=-90.0) vel=(x=-0.0,y=0.1,angle=1.1) Path=TrcPath(degrees=true, [TrcWaypoint(pose=(x=0.0,y=0.0,angle=0.0),vel=0.00), TrcWaypoint(pose=(x=-0.7,y=-31.4,angle=0.7),vel=0.00)]) />
globalTracer.TrcPurePursuitDrive.driveTask_Info: <Event name="RobotPose" time="14.881" AbsPose="(x=-56.2,y=-12.8,angle=-90.6)" AbsTarget="(x=-24.9,y=-13.1,angle=-90.0)" Delta="(x=-0.6,y=-31.4,angle=0.6)" />
globalTracer.TrcPurePursuitDrive.driveTask_Info: <Event name="RobotPose" time="14.906" AbsPose="(x=-56.2,y=-12.8,angle=-90.6)" AbsTarget="(x=-24.9,y=-13.1,angle=-90.0)" Delta="(x=-0.6,y=-31.3,angle=0.6)" />
globalTracer.TrcPurePursuitDrive.driveTask_Info: <Event name="RobotPose" time="14.931" AbsPose="(x=-55.9,y=-12.7,angle=-90.7)" AbsTarget="(x=-24.9,y=-13.1,angle=-90.0)" Delta="(x=-0.6,y=-31.3,angle=0.6)" />
globalTracer.TrcPurePursuitDrive.driveTask_Info: <Event name="RobotPose" time="14.951" AbsPose="(x=-55.6,y=-12.7,angle=-91.1)" AbsTarget="(x=-24.9,y=-13.1,angle=-90.0)" Delta="(x=-0.7,y=-31.0,angle=0.7)" />
globalTracer.TrcPurePursuitDrive.driveTask_Info: <Event name="RobotPose" time="14.979" AbsPose="(x=-55.6,y=-12.7,angle=-91.1)" AbsTarget="(x=-24.9,y=-13.1,angle=-90.0)" Delta="(x=-0.9,y=-30.7,angle=1.1)" />
globalTracer.TrcPurePursuitDrive.driveTask_Info: <Event name="RobotPose" time="15.003" AbsPose="(x=-55.2,y=-12.8,angle=-91.6)" AbsTarget="(x=-24.9,y=-13.1,angle=-90.0)" Delta="(x=-0.9,y=-30.7,angle=1.1)" />
globalTracer.TrcPurePursuitDrive.driveTask_Info: <Event name="RobotPose" time="15.028" AbsPose="(x=-54.3,y=-12.8,angle=-92.1)" AbsTarget="(x=-24.9,y=-13.1,angle=-90.0)" Delta="(x=-1.1,y=-30.2,angle=1.6)" />
globalTracer.TrcPurePursuitDrive.driveTask_Info: <Event name="RobotPose" time="15.068" AbsPose="(x=-54.3,y=-12.8,angle=-92.1)" AbsTarget="(x=-24.9,y=-13.1,angle=-90.0)" Delta="(x=-1.3,y=-29.4,angle=2.1)" />
globalTracer.TrcPurePursuitDrive.driveTask_Info: <Event name="RobotPose" time="15.109" AbsPose="(x=-53.4,y=-12.9,angle=-92.4)" AbsTarget="(x=-24.9,y=-13.1,angle=-90.0)" Delta="(x=-1.3,y=-29.4,angle=2.1)" />
globalTracer.TrcPurePursuitDrive.driveTask_Info: <Event name="RobotPose" time="15.138" AbsPose="(x=-53.0,y=-13.0,angle=-92.3)" AbsTarget="(x=-24.9,y=-13.1,angle=-90.0)" Delta="(x=-1.4,y=-28.4,angle=2.4)" />
globalTracer.TrcPurePursuitDrive.driveTask_Info: <Event name="RobotPose" time="15.169" AbsPose="(x=-51.7,y=-13.0,angle=-92.0)" AbsTarget="(x=-24.9,y=-13.1,angle=-90.0)" Delta="(x=-1.2,y=-28.0,angle=2.3)" />
globalTracer.TrcPurePursuitDrive.driveTask_Info: <Event name="RobotPose" time="15.195" AbsPose="(x=-51.7,y=-13.0,angle=-92.0)" AbsTarget="(x=-24.9,y=-13.1,angle=-90.0)" Delta="(x=-1.0,y=-26.8,angle=2.0)" />
globalTracer.TrcPurePursuitDrive.driveTask_Info: <Event name="RobotPose" time="15.223" AbsPose="(x=-50.5,y=-13.2,angle=-91.6)" AbsTarget="(x=-24.9,y=-13.1,angle=-90.0)" Delta="(x=-1.0,y=-26.8,angle=2.0)" />
globalTracer.TrcPurePursuitDrive.driveTask_Info: <Event name="RobotPose" time="15.258" AbsPose="(x=-49.6,y=-13.2,angle=-91.1)" AbsTarget="(x=-24.9,y=-13.1,angle=-90.0)" Delta="(x=-0.6,y=-25.6,angle=1.6)" />
globalTracer.TrcPurePursuitDrive.driveTask_Info: <Event name="RobotPose" time="15.283" AbsPose="(x=-49.6,y=-13.2,angle=-91.1)" AbsTarget="(x=-24.9,y=-13.1,angle=-90.0)" Delta="(x=-0.3,y=-24.7,angle=1.1)" />
globalTracer.TrcPurePursuitDrive.driveTask_Info: <Event name="RobotPose" time="15.318" AbsPose="(x=-49.6,y=-13.2,angle=-91.1)" AbsTarget="(x=-24.9,y=-13.1,angle=-90.0)" Delta="(x=-0.3,y=-24.7,angle=1.1)" />
globalTracer.TrcPurePursuitDrive.driveTask_Info: <Event name="RobotPose" time="15.373" AbsPose="(x=-46.9,y=-13.3,angle=-89.0)" AbsTarget="(x=-24.9,y=-13.1,angle=-90.0)" Delta="(x=-0.3,y=-24.7,angle=1.1)" />
globalTracer.TrcPurePursuitDrive.driveTask_Info: <Event name="RobotPose" time="15.421" AbsPose="(x=-46.9,y=-13.3,angle=-89.0)" AbsTarget="(x=-24.9,y=-13.1,angle=-90.0)" Delta="(x=0.7,y=-22.0,angle=-1.0)" />
globalTracer.TrcPurePursuitDrive.driveTask_Info: <Event name="RobotPose" time="15.439" AbsPose="(x=-44.9,y=-13.4,angle=-88.3)" AbsTarget="(x=-24.9,y=-13.1,angle=-90.0)" Delta="(x=0.7,y=-22.0,angle=-1.0)" />
globalTracer.TrcPurePursuitDrive.driveTask_Info: <Event name="RobotPose" time="15.476" AbsPose="(x=-44.9,y=-13.4,angle=-88.3)" AbsTarget="(x=-24.9,y=-13.1,angle=-90.0)" Delta="(x=0.9,y=-20.0,angle=-1.7)" />
globalTracer.TrcPurePursuitDrive.driveTask_Info: <Event name="RobotPose" time="15.512" AbsPose="(x=-44.1,y=-13.4,angle=-87.6)" AbsTarget="(x=-24.9,y=-13.1,angle=-90.0)" Delta="(x=0.9,y=-20.0,angle=-1.7)" />
globalTracer.TrcPurePursuitDrive.driveTask_Info: <Event name="RobotPose" time="15.539" AbsPose="(x=-42.4,y=-13.4,angle=-87.1)" AbsTarget="(x=-24.9,y=-13.1,angle=-90.0)" Delta="(x=1.1,y=-19.2,angle=-2.4)" />
globalTracer.TrcPurePursuitDrive.driveTask_Info: <Event name="RobotPose" time="15.573" AbsPose="(x=-42.4,y=-13.4,angle=-87.1)" AbsTarget="(x=-24.9,y=-13.1,angle=-90.0)" Delta="(x=1.2,y=-17.4,angle=-2.9)" />
globalTracer.TrcPurePursuitDrive.driveTask_Info: <Event name="RobotPose" time="15.595" AbsPose="(x=-40.9,y=-13.4,angle=-87.2)" AbsTarget="(x=-24.9,y=-13.1,angle=-90.0)" Delta="(x=1.2,y=-17.4,angle=-2.9)" />
globalTracer.TrcPurePursuitDrive.driveTask_Info: <Event name="RobotPose" time="15.622" AbsPose="(x=-40.9,y=-13.4,angle=-87.2)" AbsTarget="(x=-24.9,y=-13.1,angle=-90.0)" Delta="(x=1.2,y=-16.0,angle=-2.8)" />
globalTracer.TrcPurePursuitDrive.driveTask_Info: <Event name="RobotPose" time="15.654" AbsPose="(x=-40.1,y=-13.5,angle=-87.9)" AbsTarget="(x=-24.9,y=-13.1,angle=-90.0)" Delta="(x=1.0,y=-15.2,angle=-2.1)" />
globalTracer.TrcPurePursuitDrive.driveTask_Info: <Event name="RobotPose" time="15.683" AbsPose="(x=-38.4,y=-13.5,angle=-88.2)" AbsTarget="(x=-24.9,y=-13.1,angle=-90.0)" Delta="(x=1.0,y=-15.2,angle=-2.1)" />
globalTracer.TrcPurePursuitDrive.driveTask_Info: <Event name="RobotPose" time="15.711" AbsPose="(x=-38.4,y=-13.5,angle=-88.2)" AbsTarget="(x=-24.9,y=-13.1,angle=-90.0)" Delta="(x=0.9,y=-13.5,angle=-1.8)" />
globalTracer.TrcPurePursuitDrive.driveTask_Info: <Event name="RobotPose" time="15.743" AbsPose="(x=-36.8,y=-13.6,angle=-88.8)" AbsTarget="(x=-24.9,y=-13.1,angle=-90.0)" Delta="(x=0.9,y=-13.5,angle=-1.8)" />
globalTracer.TrcPurePursuitDrive.driveTask_Info: <Event name="RobotPose" time="15.788" AbsPose="(x=-35.6,y=-13.7,angle=-89.4)" AbsTarget="(x=-24.9,y=-13.1,angle=-90.0)" Delta="(x=0.8,y=-11.9,angle=-1.2)" />
globalTracer.TrcPurePursuitDrive.driveTask_Info: <Event name="RobotPose" time="15.818" AbsPose="(x=-35.6,y=-13.7,angle=-89.4)" AbsTarget="(x=-24.9,y=-13.1,angle=-90.0)" Delta="(x=0.7,y=-10.7,angle=-0.6)" />
globalTracer.TrcPurePursuitDrive.driveTask_Info: <Event name="RobotPose" time="15.847" AbsPose="(x=-34.2,y=-13.7,angle=-90.0)" AbsTarget="(x=-24.9,y=-13.1,angle=-90.0)" Delta="(x=0.7,y=-10.7,angle=-0.6)" />
globalTracer.TrcPurePursuitDrive.driveTask_Info: <Event name="RobotPose" time="15.905" AbsPose="(x=-32.6,y=-13.7,angle=-90.3)" AbsTarget="(x=-24.9,y=-13.1,angle=-90.0)" Delta="(x=0.7,y=-9.2,angle=0.0)" />
globalTracer.TrcPurePursuitDrive.driveTask_Info: <Event name="RobotPose" time="15.938" AbsPose="(x=-31.4,y=-13.8,angle=-90.4)" AbsTarget="(x=-24.9,y=-13.1,angle=-90.0)" Delta="(x=0.6,y=-7.7,angle=0.3)" />
globalTracer.TrcPurePursuitDrive.driveTask_Info: <Event name="RobotPose" time="15.987" AbsPose="(x=-30.5,y=-13.8,angle=-90.4)" AbsTarget="(x=-24.9,y=-13.1,angle=-90.0)" Delta="(x=0.6,y=-6.5,angle=0.4)" />
globalTracer.TrcPurePursuitDrive.driveTask_Info: <Event name="RobotPose" time="16.012" AbsPose="(x=-30.5,y=-13.8,angle=-90.4)" AbsTarget="(x=-24.9,y=-13.1,angle=-90.0)" Delta="(x=0.7,y=-5.6,angle=0.4)" />
globalTracer.TrcPurePursuitDrive.driveTask_Info: <Event name="RobotPose" time="16.043" AbsPose="(x=-29.1,y=-13.8,angle=-90.7)" AbsTarget="(x=-24.9,y=-13.1,angle=-90.0)" Delta="(x=0.7,y=-5.6,angle=0.4)" />
globalTracer.TrcPurePursuitDrive.driveTask_Info: <Event name="RobotPose" time="16.077" AbsPose="(x=-28.3,y=-13.8,angle=-91.0)" AbsTarget="(x=-24.9,y=-13.1,angle=-90.0)" Delta="(x=0.7,y=-4.2,angle=0.7)" />
globalTracer.TrcPurePursuitDrive.driveTask_Info: <Event name="RobotPose" time="16.118" AbsPose="(x=-28.3,y=-13.8,angle=-91.0)" AbsTarget="(x=-24.9,y=-13.1,angle=-90.0)" Delta="(x=0.7,y=-3.4,angle=1.0)" />
globalTracer.TrcPurePursuitDrive.driveTask_Info: <Event name="RobotPose" time="16.156" AbsPose="(x=-26.8,y=-13.8,angle=-91.1)" AbsTarget="(x=-24.9,y=-13.1,angle=-90.0)" Delta="(x=0.7,y=-3.4,angle=1.0)" />
globalTracer.TrcPurePursuitDrive.driveTask_Info: <Event name="RobotPose" time="16.202" AbsPose="(x=-25.3,y=-13.8,angle=-91.2)" AbsTarget="(x=-24.9,y=-13.1,angle=-90.0)" Delta="(x=0.7,y=-1.8,angle=1.1)" />
globalTracer.TrcPurePursuitDrive.driveTask_Info: <Event name="RobotPose" time="16.235" AbsPose="(x=-25.3,y=-13.8,angle=-91.2)" AbsTarget="(x=-24.9,y=-13.1,angle=-90.0)" Delta="(x=0.8,y=-0.3,angle=1.2)" />
globalTracer.TrcPurePursuitDrive.driveTask_Info: <Event name="RobotPose" time="16.260" AbsPose="(x=-24.8,y=-13.8,angle=-90.6)" AbsTarget="(x=-24.9,y=-13.1,angle=-90.0)" Delta="(x=0.8,y=-0.3,angle=1.2)" />
globalTracer.TrcPurePursuitDrive.driveTask_Info: <Event name="RobotPose" time="16.280" AbsPose="(x=-24.8,y=-13.8,angle=-90.4)" AbsTarget="(x=-24.9,y=-13.1,angle=-90.0)" Delta="(x=0.7,y=0.2,angle=0.6)" />
globalTracer.TrcPurePursuitDrive.driveTask_Info: <Event name="RobotPose" time="16.301" AbsPose="(x=-24.8,y=-13.8,angle=-90.4)" AbsTarget="(x=-24.9,y=-13.1,angle=-90.0)" Delta="(x=0.8,y=0.2,angle=0.4)" />
globalTracer.TrcPurePursuitDrive.driveTask_Info: <Event name="RobotPose" time="16.329" AbsPose="(x=-24.1,y=-13.9,angle=-90.3)" AbsTarget="(x=-24.9,y=-13.1,angle=-90.0)" Delta="(x=0.8,y=0.2,angle=0.4)" />
globalTracer.TrcPurePursuitDrive.driveTask_Info: <Event name="RobotPose" time="16.358" AbsPose="(x=-24.1,y=-13.9,angle=-90.3)" AbsTarget="(x=-24.9,y=-13.1,angle=-90.0)" Delta="(x=0.8,y=0.8,angle=0.3)" />
globalTracer.TrcPurePursuitDrive.driveTask_Info: <Event name="RobotPose" time="16.427" AbsPose="(x=-24.0,y=-13.8,angle=-90.3)" AbsTarget="(x=-24.9,y=-13.1,angle=-90.0)" Delta="(x=0.7,y=0.9,angle=0.1)" />
globalTracer.TrcPurePursuitDrive.driveTask_Info: <Event name="RobotPose" time="16.452" AbsPose="(x=-24.2,y=-13.8,angle=-90.5)" AbsTarget="(x=-24.9,y=-13.1,angle=-90.0)" Delta="(x=0.7,y=0.9,angle=0.3)" />
globalTracer.TrcPurePursuitDrive.driveTask_Info: Done[index=1/2]: stalled=false, timeout=false, posOnTarget=true, headingOnTarget=true
globalTracer.TrcPurePursuitDrive.driveTask_Info: Signal finished event.
globalTracer.TrcPurePursuitDrive.driveTask_Info: <Event name="RobotPose" time="16.484" AbsPose="(x=-24.2,y=-13.8,angle=-90.5)" AbsTarget="(x=-24.9,y=-13.1,angle=-90.0)" Delta="(x=0.7,y=0.8,angle=0.5)" />
globalTracer.autoAssistScoreCone_Info: TaskScoreCone: startTarget=0.00, startPowerLimit=0.00, expectedTarget=90.00, scoreHeight=31.00, scanPower=-0.20, scanDuration=5.000, event=(CmdAutoHigh=SIGNALED)
globalTracer.traceStateInfo_Info: <Event name="StateInfo" time="16.489" tag=">>>>>" CmdAutoHigh.state="AUTO_SCORE_CONE" />
globalTracer.traceStateInfo_Info: <Event name="StateInfo" time="16.504" tag=">>>>>" TaskScoreCone.state="START" />
globalTracer.sensorTriggerEvent_Info: value=7.717, state=true
globalTracer.detectedTarget_Info: sensorValue=7.32, detected=true
globalTracer.traceStateInfo_Info: <Event name="StateInfo" time="17.193" tag=">>>>>" TaskScoreCone.state="CHECK_FOR_POLE" />
globalTracer.traceStateInfo_Info: <Event name="StateInfo" time="17.195" tag=">>>>>" TaskScoreCone.state="RAISE_TO_SCORE_HEIGHT" />
globalTracer.pidMotorTask_Info: TrcPidMotor.elevator: stalled=false, timedOut=false, onTarget=true, event=(TaskScoreCone=CLEARED)
globalTracer.printPidInfo_Info: [18.277982] elevator.pidCtrl: Target=  31.0, Input=  30.7, dT=0.020393, CurrErr=   0.3, ErrRate=   0.6, Output= 0.108(-0.300/ 1.000)
globalTracer.detectedTarget_Info: sensorValue=7.48, detected=true
globalTracer.getScoringArmAngle_Info: sensorValue=7.20, minDistance=7.20, triggerSettlingData=[10.039370078740157, 8.700787401574804, 7.952755905511811]
globalTracer.getScoringArmAngle_Info: sensorValue=7.20, poleDist=4.50, armAngle=27.453808067890755
globalTracer.runTaskState_Info: Found the pole (armAngle=27.453808).
globalTracer.traceStateInfo_Info: <Event name="StateInfo" time="18.369" tag=">>>>>" TaskScoreCone.state="EXTEND_ARM" />
globalTracer.pidMotorTask_Info: TrcPidMotor.arm: stalled=false, timedOut=true, onTarget=false, event=(TaskScoreCone=CLEARED)
globalTracer.printPidInfo_Info: [21.399101] arm.pidCtrl: Target=   0.0, Input=   0.0, dT=0.000000, CurrErr=   0.0, ErrRate=   0.0, Output= 0.000(-1.000/ 1.000)
globalTracer.traceStateInfo_Info: <Event name="StateInfo" time="21.427" tag=">>>>>" TaskScoreCone.state="CAP_POLE" />
globalTracer.open_Info: Opening: event=null
globalTracer.cancelAutoAssist_Info: Canceling: grabberClosed=false, hasObject=false, timerEvent=(grabber.timerEvent=CLEARED)
globalTracer.releaseSubsystemsOwnership_Info: TaskScoreCone: Releasing subsystem ownership (currOwner=ScoreConeTask, turret=ScoreConeTask, elevator=ScoreConeTask, arm=ScoreConeTask).
globalTracer.traceStateInfo_Info: <Event name="StateInfo" time="21.692" tag=">>>>>" TaskScoreCone.state="SCORE_CONE" />
globalTracer.start_Info: Path=TrcPath(degrees=true, [TrcWaypoint(pose=(x=-24.3,y=-13.7,angle=-89.8),vel=0.00), TrcWaypoint(pose=(x=-47.5,y=-13.1,angle=-90.0),vel=0.00)])
globalTracer.traceStateInfo_Info: <Event name="StateInfo" time="21.704" tag=">>>>>" CmdAutoHigh.state="GO_TO_CONE_STACK" RobotPose=(x=-24.3,y=-13.7,angle=-89.8) TargetPose=(x=-47.5,y=-13.1,angle=-90.0) vel=(x=0.0,y=0.4,angle=1.4) Path=TrcPath(degrees=true, [TrcWaypoint(pose=(x=0.0,y=0.0,angle=0.0),vel=0.00), TrcWaypoint(pose=(x=0.6,y=23.2,angle=-0.2),vel=0.00)]) />
globalTracer.TrcPurePursuitDrive.driveTask_Info: <Event name="RobotPose" time="21.745" AbsPose="(x=-24.3,y=-13.8,angle=-89.9)" AbsTarget="(x=-47.5,y=-13.1,angle=-90.0)" Delta="(x=0.6,y=23.2,angle=-0.3)" />
globalTracer.TrcPurePursuitDrive.driveTask_Info: <Event name="RobotPose" time="21.803" AbsPose="(x=-24.5,y=-13.7,angle=-89.4)" AbsTarget="(x=-47.5,y=-13.1,angle=-90.0)" Delta="(x=0.6,y=23.2,angle=-0.2)" />
globalTracer.TrcPurePursuitDrive.driveTask_Info: <Event name="RobotPose" time="21.835" AbsPose="(x=-24.5,y=-13.5,angle=-89.4)" AbsTarget="(x=-47.5,y=-13.1,angle=-90.0)" Delta="(x=0.4,y=23.0,angle=-0.6)" />
globalTracer.TrcPurePursuitDrive.driveTask_Info: <Event name="RobotPose" time="21.884" AbsPose="(x=-25.1,y=-13.6,angle=-91.1)" AbsTarget="(x=-47.5,y=-13.1,angle=-90.0)" Delta="(x=0.3,y=23.0,angle=-0.6)" />
globalTracer.TrcPurePursuitDrive.driveTask_Info: <Event name="RobotPose" time="21.910" AbsPose="(x=-25.3,y=-13.6,angle=-91.8)" AbsTarget="(x=-47.5,y=-13.1,angle=-90.0)" Delta="(x=0.9,y=22.4,angle=1.1)" />
globalTracer.TrcPurePursuitDrive.driveTask_Info: <Event name="RobotPose" time="21.939" AbsPose="(x=-25.6,y=-13.7,angle=-92.8)" AbsTarget="(x=-47.5,y=-13.1,angle=-90.0)" Delta="(x=1.3,y=22.2,angle=1.8)" />
globalTracer.TrcPurePursuitDrive.driveTask_Info: <Event name="RobotPose" time="21.968" AbsPose="(x=-26.0,y=-13.9,angle=-93.4)" AbsTarget="(x=-47.5,y=-13.1,angle=-90.0)" Delta="(x=1.7,y=21.8,angle=2.8)" />
globalTracer.TrcPurePursuitDrive.driveTask_Info: <Event name="RobotPose" time="21.995" AbsPose="(x=-26.3,y=-14.0,angle=-94.0)" AbsTarget="(x=-47.5,y=-13.1,angle=-90.0)" Delta="(x=2.1,y=21.4,angle=3.4)" />
globalTracer.TrcPurePursuitDrive.driveTask_Info: <Event name="RobotPose" time="22.023" AbsPose="(x=-26.6,y=-14.1,angle=-94.4)" AbsTarget="(x=-47.5,y=-13.1,angle=-90.0)" Delta="(x=2.4,y=21.0,angle=4.0)" />
globalTracer.TrcPurePursuitDrive.driveTask_Info: <Event name="RobotPose" time="22.048" AbsPose="(x=-27.0,y=-14.1,angle=-94.2)" AbsTarget="(x=-47.5,y=-13.1,angle=-90.0)" Delta="(x=2.6,y=20.8,angle=4.4)" />
globalTracer.TrcPurePursuitDrive.driveTask_Info: <Event name="RobotPose" time="22.073" AbsPose="(x=-27.4,y=-14.1,angle=-93.7)" AbsTarget="(x=-47.5,y=-13.1,angle=-90.0)" Delta="(x=2.5,y=20.4,angle=4.2)" />
globalTracer.TrcPurePursuitDrive.driveTask_Info: <Event name="RobotPose" time="22.100" AbsPose="(x=-27.9,y=-14.1,angle=-92.6)" AbsTarget="(x=-47.5,y=-13.1,angle=-90.0)" Delta="(x=2.3,y=20.0,angle=3.7)" />
globalTracer.TrcPurePursuitDrive.driveTask_Info: <Event name="RobotPose" time="22.137" AbsPose="(x=-27.9,y=-14.0,angle=-91.6)" AbsTarget="(x=-47.5,y=-13.1,angle=-90.0)" Delta="(x=1.9,y=19.5,angle=2.6)" />
globalTracer.TrcPurePursuitDrive.driveTask_Info: <Event name="RobotPose" time="22.168" AbsPose="(x=-29.2,y=-13.6,angle=-88.4)" AbsTarget="(x=-47.5,y=-13.1,angle=-90.0)" Delta="(x=0.7,y=18.8,angle=-0.1)" />
globalTracer.TrcPurePursuitDrive.driveTask_Info: <Event name="RobotPose" time="22.199" AbsPose="(x=-29.7,y=-13.3,angle=-87.7)" AbsTarget="(x=-47.5,y=-13.1,angle=-90.0)" Delta="(x=0.0,y=18.3,angle=-1.6)" />
globalTracer.TrcPurePursuitDrive.driveTask_Info: <Event name="RobotPose" time="22.275" AbsPose="(x=-30.8,y=-12.9,angle=-87.1)" AbsTarget="(x=-47.5,y=-13.1,angle=-90.0)" Delta="(x=-0.8,y=17.7,angle=-2.8)" />
globalTracer.TrcPurePursuitDrive.driveTask_Info: <Event name="RobotPose" time="22.308" AbsPose="(x=-32.5,y=-12.8,angle=-88.0)" AbsTarget="(x=-47.5,y=-13.1,angle=-90.0)" Delta="(x=-0.9,y=15.6,angle=-2.5)" />
globalTracer.TrcPurePursuitDrive.driveTask_Info: <Event name="RobotPose" time="22.360" AbsPose="(x=-32.5,y=-12.8,angle=-88.4)" AbsTarget="(x=-47.5,y=-13.1,angle=-90.0)" Delta="(x=-0.8,y=15.0,angle=-2.0)" />
globalTracer.TrcPurePursuitDrive.driveTask_Info: <Event name="RobotPose" time="22.421" AbsPose="(x=-35.2,y=-12.8,angle=-89.9)" AbsTarget="(x=-47.5,y=-13.1,angle=-90.0)" Delta="(x=-0.3,y=13.7,angle=-0.2)" />
globalTracer.TrcPurePursuitDrive.driveTask_Info: <Event name="RobotPose" time="22.464" AbsPose="(x=-36.4,y=-12.8,angle=-90.5)" AbsTarget="(x=-47.5,y=-13.1,angle=-90.0)" Delta="(x=-0.3,y=12.3,angle=-0.1)" />
globalTracer.TrcPurePursuitDrive.driveTask_Info: <Event name="RobotPose" time="22.511" AbsPose="(x=-37.6,y=-12.9,angle=-91.3)" AbsTarget="(x=-47.5,y=-13.1,angle=-90.0)" Delta="(x=-0.1,y=11.1,angle=0.5)" />
globalTracer.TrcPurePursuitDrive.driveTask_Info: <Event name="RobotPose" time="22.547" AbsPose="(x=-38.5,y=-13.0,angle=-90.9)" AbsTarget="(x=-47.5,y=-13.1,angle=-90.0)" Delta="(x=0.1,y=9.9,angle=1.3)" />
globalTracer.TrcPurePursuitDrive.driveTask_Info: <Event name="RobotPose" time="22.591" AbsPose="(x=-38.5,y=-12.9,angle=-90.6)" AbsTarget="(x=-47.5,y=-13.1,angle=-90.0)" Delta="(x=0.1,y=9.0,angle=0.9)" />
globalTracer.TrcPurePursuitDrive.driveTask_Info: <Event name="RobotPose" time="22.633" AbsPose="(x=-40.9,y=-12.9,angle=-90.3)" AbsTarget="(x=-47.5,y=-13.1,angle=-90.0)" Delta="(x=-0.0,y=7.5,angle=0.7)" />
globalTracer.TrcPurePursuitDrive.driveTask_Info: <Event name="RobotPose" time="22.685" AbsPose="(x=-42.0,y=-12.8,angle=-89.3)" AbsTarget="(x=-47.5,y=-13.1,angle=-90.0)" Delta="(x=-0.2,y=6.0,angle=-0.3)" />
globalTracer.TrcPurePursuitDrive.driveTask_Info: <Event name="RobotPose" time="22.726" AbsPose="(x=-43.2,y=-12.8,angle=-88.6)" AbsTarget="(x=-47.5,y=-13.1,angle=-90.0)" Delta="(x=-0.4,y=5.5,angle=-1.1)" />
globalTracer.TrcPurePursuitDrive.driveTask_Info: <Event name="RobotPose" time="22.791" AbsPose="(x=-44.5,y=-12.7,angle=-87.8)" AbsTarget="(x=-47.5,y=-13.1,angle=-90.0)" Delta="(x=-0.5,y=4.3,angle=-1.8)" />
globalTracer.TrcPurePursuitDrive.driveTask_Info: <Event name="RobotPose" time="22.845" AbsPose="(x=-45.4,y=-12.6,angle=-87.3)" AbsTarget="(x=-47.5,y=-13.1,angle=-90.0)" Delta="(x=-0.6,y=2.0,angle=-2.7)" />
globalTracer.TrcPurePursuitDrive.driveTask_Info: <Event name="RobotPose" time="22.881" AbsPose="(x=-46.5,y=-12.5,angle=-87.0)" AbsTarget="(x=-47.5,y=-13.1,angle=-90.0)" Delta="(x=-0.6,y=1.7,angle=-2.9)" />
globalTracer.TrcPurePursuitDrive.driveTask_Info: <Event name="RobotPose" time="22.925" AbsPose="(x=-47.1,y=-12.5,angle=-87.0)" AbsTarget="(x=-47.5,y=-13.1,angle=-90.0)" Delta="(x=-0.6,y=0.9,angle=-2.9)" />
globalTracer.TrcPurePursuitDrive.driveTask_Info: <Event name="RobotPose" time="22.956" AbsPose="(x=-47.5,y=-12.5,angle=-86.7)" AbsTarget="(x=-47.5,y=-13.1,angle=-90.0)" Delta="(x=-0.6,y=0.3,angle=-3.0)" />
globalTracer.TrcPurePursuitDrive.driveTask_Info: <Event name="RobotPose" time="23.001" AbsPose="(x=-47.8,y=-12.4,angle=-86.4)" AbsTarget="(x=-47.5,y=-13.1,angle=-90.0)" Delta="(x=-0.6,y=-0.0,angle=-3.3)" />
globalTracer.TrcPurePursuitDrive.driveTask_Info: <Event name="RobotPose" time="23.035" AbsPose="(x=-48.1,y=-12.4,angle=-87.4)" AbsTarget="(x=-47.5,y=-13.1,angle=-90.0)" Delta="(x=-0.6,y=-0.4,angle=-3.6)" />
globalTracer.TrcPurePursuitDrive.driveTask_Info: <Event name="RobotPose" time="23.070" AbsPose="(x=-48.2,y=-12.4,angle=-87.8)" AbsTarget="(x=-47.5,y=-13.1,angle=-90.0)" Delta="(x=-0.6,y=-0.6,angle=-2.6)" />
globalTracer.TrcPurePursuitDrive.driveTask_Info: <Event name="RobotPose" time="23.106" AbsPose="(x=-48.2,y=-12.4,angle=-88.9)" AbsTarget="(x=-47.5,y=-13.1,angle=-90.0)" Delta="(x=-0.6,y=-0.7,angle=-2.2)" />
globalTracer.TrcPurePursuitDrive.driveTask_Info: <Event name="RobotPose" time="23.153" AbsPose="(x=-48.3,y=-12.6,angle=-90.8)" AbsTarget="(x=-47.5,y=-13.1,angle=-90.0)" Delta="(x=-0.6,y=-0.7,angle=-1.1)" />
globalTracer.TrcPurePursuitDrive.driveTask_Info: <Event name="RobotPose" time="23.177" AbsPose="(x=-48.3,y=-12.6,angle=-90.9)" AbsTarget="(x=-47.5,y=-13.1,angle=-90.0)" Delta="(x=-0.5,y=-0.8,angle=0.8)" />
globalTracer.TrcPurePursuitDrive.driveTask_Info: <Event name="RobotPose" time="23.220" AbsPose="(x=-48.3,y=-12.6,angle=-91.0)" AbsTarget="(x=-47.5,y=-13.1,angle=-90.0)" Delta="(x=-0.5,y=-0.8,angle=0.9)" />
globalTracer.TrcPurePursuitDrive.driveTask_Info: <Event name="RobotPose" time="23.275" AbsPose="(x=-48.2,y=-12.7,angle=-91.0)" AbsTarget="(x=-47.5,y=-13.1,angle=-90.0)" Delta="(x=-0.4,y=-0.8,angle=1.0)" />
globalTracer.TrcPurePursuitDrive.driveTask_Info: <Event name="RobotPose" time="23.318" AbsPose="(x=-48.1,y=-12.6,angle=-90.6)" AbsTarget="(x=-47.5,y=-13.1,angle=-90.0)" Delta="(x=-0.4,y=-0.7,angle=1.0)" />
globalTracer.TrcPurePursuitDrive.driveTask_Info: Done[index=1/2]: stalled=false, timeout=false, posOnTarget=true, headingOnTarget=true
globalTracer.TrcPurePursuitDrive.driveTask_Info: Signal finished event.
globalTracer.TrcPurePursuitDrive.driveTask_Info: <Event name="RobotPose" time="23.342" AbsPose="(x=-48.1,y=-12.6,angle=-90.6)" AbsTarget="(x=-47.5,y=-13.1,angle=-90.0)" Delta="(x=-0.5,y=-0.6,angle=0.6)" />
globalTracer.traceStateInfo_Info: <Event name="StateInfo" time="23.345" tag=">>>>>" CmdAutoHigh.state="PARK" />
globalTracer.start_Info: Path=TrcPath(degrees=true, [TrcWaypoint(pose=(x=-48.1,y=-12.6,angle=-90.6),vel=0.00), TrcWaypoint(pose=(x=-59.4,y=-11.9,angle=-90.0),vel=0.00)])
globalTracer.traceStateInfo_Info: <Event name="StateInfo" time="23.353" tag=">>>>>" CmdAutoHigh.state="PARK" RobotPose=(x=-48.1,y=-12.6,angle=-90.6) TargetPose=(x=-59.4,y=-11.9,angle=-90.0) vel=(x=0.4,y=0.2,angle=0.0) Path=TrcPath(degrees=true, [TrcWaypoint(pose=(x=0.0,y=0.0,angle=0.0),vel=0.00), TrcWaypoint(pose=(x=0.9,y=11.2,angle=0.6),vel=0.00)]) />
globalTracer.TrcPurePursuitDrive.driveTask_Info: <Event name="RobotPose" time="23.396" AbsPose="(x=-48.1,y=-12.6,angle=-90.9)" AbsTarget="(x=-59.4,y=-11.9,angle=-90.0)" Delta="(x=0.9,y=11.2,angle=0.9)" />
globalTracer.TrcPurePursuitDrive.driveTask_Info: <Event name="RobotPose" time="23.462" AbsPose="(x=-48.2,y=-12.6,angle=-90.8)" AbsTarget="(x=-59.4,y=-11.9,angle=-90.0)" Delta="(x=0.9,y=11.2,angle=0.9)" />
globalTracer.TrcPurePursuitDrive.driveTask_Info: <Event name="RobotPose" time="23.492" AbsPose="(x=-48.4,y=-12.7,angle=-90.8)" AbsTarget="(x=-59.4,y=-11.9,angle=-90.0)" Delta="(x=0.9,y=11.2,angle=0.8)" />
globalTracer.TrcPurePursuitDrive.driveTask_Info: <Event name="RobotPose" time="23.528" AbsPose="(x=-48.8,y=-12.6,angle=-90.3)" AbsTarget="(x=-59.4,y=-11.9,angle=-90.0)" Delta="(x=0.8,y=10.6,angle=0.3)" />
globalTracer.TrcPurePursuitDrive.driveTask_Info: <Event name="RobotPose" time="23.570" AbsPose="(x=-50.0,y=-12.6,angle=-89.7)" AbsTarget="(x=-59.4,y=-11.9,angle=-90.0)" Delta="(x=0.7,y=10.6,angle=-0.1)" />
globalTracer.TrcPurePursuitDrive.driveTask_Info: <Event name="RobotPose" time="23.599" AbsPose="(x=-50.6,y=-12.6,angle=-89.8)" AbsTarget="(x=-59.4,y=-11.9,angle=-90.0)" Delta="(x=0.7,y=9.3,angle=-0.3)" />
globalTracer.TrcPurePursuitDrive.driveTask_Info: <Event name="RobotPose" time="23.625" AbsPose="(x=-51.2,y=-12.6,angle=-90.0)" AbsTarget="(x=-59.4,y=-11.9,angle=-90.0)" Delta="(x=0.7,y=8.8,angle=-0.2)" />
globalTracer.TrcPurePursuitDrive.driveTask_Info: <Event name="RobotPose" time="23.650" AbsPose="(x=-51.7,y=-12.6,angle=-90.1)" AbsTarget="(x=-59.4,y=-11.9,angle=-90.0)" Delta="(x=0.7,y=8.2,angle=0.0)" />
globalTracer.TrcPurePursuitDrive.driveTask_Info: <Event name="RobotPose" time="23.695" AbsPose="(x=-51.7,y=-12.6,angle=-90.1)" AbsTarget="(x=-59.4,y=-11.9,angle=-90.0)" Delta="(x=0.7,y=7.6,angle=0.1)" />
globalTracer.TrcPurePursuitDrive.driveTask_Info: <Event name="RobotPose" time="23.716" AbsPose="(x=-53.1,y=-12.6,angle=-90.1)" AbsTarget="(x=-59.4,y=-11.9,angle=-90.0)" Delta="(x=0.7,y=7.6,angle=0.1)" />
globalTracer.TrcPurePursuitDrive.driveTask_Info: <Event name="RobotPose" time="23.763" AbsPose="(x=-54.4,y=-12.5,angle=-89.8)" AbsTarget="(x=-59.4,y=-11.9,angle=-90.0)" Delta="(x=0.7,y=5.8,angle=0.0)" />
globalTracer.TrcPurePursuitDrive.driveTask_Info: <Event name="RobotPose" time="23.808" AbsPose="(x=-54.8,y=-12.5,angle=-89.3)" AbsTarget="(x=-59.4,y=-11.9,angle=-90.0)" Delta="(x=0.5,y=4.6,angle=-0.7)" />
globalTracer.TrcPurePursuitDrive.driveTask_Info: <Event name="RobotPose" time="23.846" AbsPose="(x=-56.0,y=-12.4,angle=-88.9)" AbsTarget="(x=-59.4,y=-11.9,angle=-90.0)" Delta="(x=0.5,y=3.8,angle=-0.9)" />
globalTracer.TrcPurePursuitDrive.driveTask_Info: <Event name="RobotPose" time="23.880" AbsPose="(x=-56.8,y=-12.3,angle=-88.6)" AbsTarget="(x=-59.4,y=-11.9,angle=-90.0)" Delta="(x=0.4,y=3.4,angle=-1.3)" />
globalTracer.TrcPurePursuitDrive.driveTask_Info: <Event name="RobotPose" time="23.905" AbsPose="(x=-57.4,y=-12.3,angle=-88.4)" AbsTarget="(x=-59.4,y=-11.9,angle=-90.0)" Delta="(x=0.4,y=2.6,angle=-1.4)" />
globalTracer.TrcPurePursuitDrive.driveTask_Info: <Event name="RobotPose" time="23.941" AbsPose="(x=-57.7,y=-12.2,angle=-87.9)" AbsTarget="(x=-59.4,y=-11.9,angle=-90.0)" Delta="(x=0.3,y=2.0,angle=-1.6)" />
globalTracer.TrcPurePursuitDrive.driveTask_Info: <Event name="RobotPose" time="23.971" AbsPose="(x=-58.1,y=-12.2,angle=-87.9)" AbsTarget="(x=-59.4,y=-11.9,angle=-90.0)" Delta="(x=0.3,y=1.7,angle=-2.1)" />
globalTracer.TrcPurePursuitDrive.driveTask_Info: <Event name="RobotPose" time="23.993" AbsPose="(x=-58.7,y=-12.2,angle=-87.9)" AbsTarget="(x=-59.4,y=-11.9,angle=-90.0)" Delta="(x=0.3,y=1.3,angle=-2.1)" />
globalTracer.TrcPurePursuitDrive.driveTask_Info: <Event name="RobotPose" time="24.022" AbsPose="(x=-59.1,y=-12.1,angle=-88.1)" AbsTarget="(x=-59.4,y=-11.9,angle=-90.0)" Delta="(x=0.3,y=0.7,angle=-2.1)" />
globalTracer.TrcPurePursuitDrive.driveTask_Info: <Event name="RobotPose" time="24.063" AbsPose="(x=-59.3,y=-12.1,angle=-88.1)" AbsTarget="(x=-59.4,y=-11.9,angle=-90.0)" Delta="(x=0.3,y=0.3,angle=-1.9)" />
globalTracer.TrcPurePursuitDrive.driveTask_Info: <Event name="RobotPose" time="24.098" AbsPose="(x=-59.8,y=-12.1,angle=-88.3)" AbsTarget="(x=-59.4,y=-11.9,angle=-90.0)" Delta="(x=0.2,y=-0.2,angle=-1.8)" />
globalTracer.TrcPurePursuitDrive.driveTask_Info: <Event name="RobotPose" time="24.136" AbsPose="(x=-59.8,y=-12.1,angle=-88.3)" AbsTarget="(x=-59.4,y=-11.9,angle=-90.0)" Delta="(x=0.2,y=-0.4,angle=-1.7)" />
globalTracer.TrcPurePursuitDrive.driveTask_Info: <Event name="RobotPose" time="24.154" AbsPose="(x=-59.9,y=-12.1,angle=-88.1)" AbsTarget="(x=-59.4,y=-11.9,angle=-90.0)" Delta="(x=0.2,y=-0.4,angle=-1.8)" />
globalTracer.TrcPurePursuitDrive.driveTask_Info: <Event name="RobotPose" time="24.187" AbsPose="(x=-59.9,y=-12.0,angle=-88.4)" AbsTarget="(x=-59.4,y=-11.9,angle=-90.0)" Delta="(x=0.2,y=-0.5,angle=-1.9)" />
globalTracer.TrcPurePursuitDrive.driveTask_Info: <Event name="RobotPose" time="24.225" AbsPose="(x=-59.9,y=-12.1,angle=-88.7)" AbsTarget="(x=-59.4,y=-11.9,angle=-90.0)" Delta="(x=0.2,y=-0.5,angle=-1.6)" />
globalTracer.TrcPurePursuitDrive.driveTask_Info: <Event name="RobotPose" time="24.256" AbsPose="(x=-59.8,y=-12.1,angle=-88.9)" AbsTarget="(x=-59.4,y=-11.9,angle=-90.0)" Delta="(x=0.2,y=-0.5,angle=-1.3)" />
globalTracer.TrcPurePursuitDrive.driveTask_Info: <Event name="RobotPose" time="24.314" AbsPose="(x=-59.8,y=-12.1,angle=-89.5)" AbsTarget="(x=-59.4,y=-11.9,angle=-90.0)" Delta="(x=0.2,y=-0.4,angle=-0.8)" />
globalTracer.TrcPurePursuitDrive.driveTask_Info: <Event name="RobotPose" time="24.380" AbsPose="(x=-59.7,y=-12.1,angle=-89.8)" AbsTarget="(x=-59.4,y=-11.9,angle=-90.0)" Delta="(x=0.2,y=-0.4,angle=-0.4)" />
globalTracer.TrcPurePursuitDrive.driveTask_Info: <Event name="RobotPose" time="24.426" AbsPose="(x=-59.7,y=-12.1,angle=-89.9)" AbsTarget="(x=-59.4,y=-11.9,angle=-90.0)" Delta="(x=0.2,y=-0.4,angle=-0.2)" />
globalTracer.TrcPurePursuitDrive.driveTask_Info: <Event name="RobotPose" time="24.459" AbsPose="(x=-59.7,y=-12.1,angle=-90.0)" AbsTarget="(x=-59.4,y=-11.9,angle=-90.0)" Delta="(x=0.2,y=-0.4,angle=-0.1)" />
globalTracer.TrcPurePursuitDrive.driveTask_Info: Done[index=1/2]: stalled=false, timeout=false, posOnTarget=true, headingOnTarget=true
globalTracer.TrcPurePursuitDrive.driveTask_Info: Signal finished event.
globalTracer.TrcPurePursuitDrive.driveTask_Info: <Event name="RobotPose" time="24.503" AbsPose="(x=-59.7,y=-12.1,angle=-90.1)" AbsTarget="(x=-59.4,y=-11.9,angle=-90.0)" Delta="(x=0.2,y=-0.4,angle=0.0)" />
globalTracer.printElapsedTime_Info: imu.getGyroData: avgElapsed=0.000012, minElapsed=0.000002, maxElapsed=0.000146
globalTracer.printElapsedTime_Info: TrcDigitalInput.getInput: avgElapsed=0.003022, minElapsed=0.000016, maxElapsed=0.016550
globalTracer.printElapsedTime_Info: TrcMotor.getPos: avgElapsed=0.001857, minElapsed=0.000013, maxElapsed=0.026008
globalTracer.printElapsedTime_Info: TrcMotor.set: avgElapsed=0.002312, minElapsed=0.000005, maxElapsed=0.047770
globalTracer.printElapsedTime_Info: TrcServo.setPos: avgElapsed=0.008451, minElapsed=0.000026, maxElapsed=0.014804
globalTracer.stopMode_Info: Disabling FrontEocvVision.
globalTracer.stopMode_Info: Saved robot pose=(x=-59.7,y=-12.1,angle=-90.0)
globalTracer.FtcOpMode_Info:    FtcAutonomous: SlowPeriodic=0.000029, FastPeriodic=0.000112, SDK=0.000085
globalTracer.TaskPerformance_Info: TrcWatchdogMgr: STANDALONE_TASK=0.000222/0.992910
globalTracer.TaskPerformance_Info: blinkin: OUTPUT_TASK=0.000158/0.021283
globalTracer.TaskPerformance_Info: imu.converterTask: INPUT_TASK=0.000090/0.038301
globalTracer.TaskPerformance_Info: imu.gyroTask: INPUT_TASK=0.018928/0.038301
globalTracer.TaskPerformance_Info: TrcMotor.odometryTask: STANDALONE_TASK=0.000527/0.000590
globalTracer.TaskPerformance_Info: TrcDriveBase.odometryTask: INPUT_TASK=0.002787/0.038293
globalTracer.TaskPerformance_Info: purePursuitDrive.driveTask: OUTPUT_TASK=0.028080/0.075709
globalTracer.TaskPerformance_Info: turret.pidMotorTask: OUTPUT_TASK=0.002034/0.156345
globalTracer.TaskPerformance_Info: turret.thresholdTrigger.triggerTask: INPUT_TASK=0.024039/0.798615
globalTracer.TaskPerformance_Info: elevator.pidMotorTask: OUTPUT_TASK=0.003943/0.117430
globalTracer.TaskPerformance_Info: arm.pidMotorTask: OUTPUT_TASK=0.004352/0.131537
globalTracer.TaskPerformance_Info: arm.motor.digitalTrigger.triggerTask: INPUT_TASK=0.003840/0.032462
globalTracer.TaskPerformance_Info: grabber.analogTrigger.triggerTask: INPUT_TASK=0.029493/0.039994
globalTracer.TaskPerformance_Info: TaskScoreCone: FAST_POSTPERIODIC_TASK=0.000138/0.005750
globalTracer.TaskPerformance_Info: TaskPickupCone: FAST_POSTPERIODIC_TASK=0.000163/0.002121
